{"C:\\Users\\Lowel\\Documents\\GitHub\\Grupp-21\\API\\api.ts": {"path":"C:\\Users\\Lowel\\Documents\\GitHub\\Grupp-21\\API\\api.ts","statementMap":{"0":{"start":{"line":34,"column":4},"end":{"line":34,"column":26}},"1":{"start":{"line":36,"column":29},"end":{"line":36,"column":49}},"2":{"start":{"line":41,"column":37},"end":{"line":41,"column":62}},"3":{"start":{"line":44,"column":8},"end":{"line":49,"column":9}},"4":{"start":{"line":45,"column":12},"end":{"line":45,"column":106}},"5":{"start":{"line":47,"column":12},"end":{"line":47,"column":30}},"6":{"start":{"line":51,"column":8},"end":{"line":51,"column":20}}},"fnMap":{"0":{"name":"get_questions","decl":{"start":{"line":34,"column":26},"end":{"line":34,"column":39}},"loc":{"start":{"line":34,"column":55},"end":{"line":52,"column":null}}}},"branchMap":{"0":{"loc":{"start":{"line":44,"column":8},"end":{"line":49,"column":9}},"type":"if","locations":[{"start":{"line":44,"column":8},"end":{"line":49,"column":9}},{"start":{"line":48,"column":15},"end":{"line":49,"column":9}}]}},"s":{"0":1,"1":15,"2":15,"3":15,"4":1,"5":1,"6":15},"f":{"0":15},"b":{"0":[1,14]}}
,"C:\\Users\\Lowel\\Documents\\GitHub\\Grupp-21\\Game_mechanics\\Elo.ts": {"path":"C:\\Users\\Lowel\\Documents\\GitHub\\Grupp-21\\Game_mechanics\\Elo.ts","statementMap":{"0":{"start":{"line":14,"column":0},"end":{"line":14,"column":16}},"1":{"start":{"line":21,"column":17},"end":{"line":21,"column":32}},"2":{"start":{"line":23,"column":22},"end":{"line":23,"column":62}},"3":{"start":{"line":25,"column":4},"end":{"line":29,"column":5}},"4":{"start":{"line":26,"column":8},"end":{"line":26,"column":39}},"5":{"start":{"line":28,"column":8},"end":{"line":28,"column":52}},"6":{"start":{"line":31,"column":4},"end":{"line":31,"column":18}}},"fnMap":{"0":{"name":"elo","decl":{"start":{"line":14,"column":16},"end":{"line":14,"column":19}},"loc":{"start":{"line":18,"column":18},"end":{"line":32,"column":1}}}},"branchMap":{"0":{"loc":{"start":{"line":25,"column":4},"end":{"line":29,"column":5}},"type":"if","locations":[{"start":{"line":25,"column":4},"end":{"line":29,"column":5}},{"start":{"line":27,"column":11},"end":{"line":29,"column":5}}]}},"s":{"0":1,"1":75,"2":75,"3":75,"4":39,"5":36,"6":75},"f":{"0":75},"b":{"0":[39,36]}}
,"C:\\Users\\Lowel\\Documents\\GitHub\\Grupp-21\\Game_mechanics\\Game_loop.js": {"path":"C:\\Users\\Lowel\\Documents\\GitHub\\Grupp-21\\Game_mechanics\\Game_loop.js","statementMap":{"0":{"start":{"line":2,"column":16},"end":{"line":10,"column":1}},"1":{"start":{"line":3,"column":28},"end":{"line":3,"column":110}},"2":{"start":{"line":3,"column":91},"end":{"line":3,"column":106}},"3":{"start":{"line":4,"column":4},"end":{"line":9,"column":7}},"4":{"start":{"line":5,"column":36},"end":{"line":5,"column":97}},"5":{"start":{"line":5,"column":42},"end":{"line":5,"column":70}},"6":{"start":{"line":5,"column":85},"end":{"line":5,"column":95}},"7":{"start":{"line":6,"column":35},"end":{"line":6,"column":100}},"8":{"start":{"line":6,"column":41},"end":{"line":6,"column":73}},"9":{"start":{"line":6,"column":88},"end":{"line":6,"column":98}},"10":{"start":{"line":7,"column":32},"end":{"line":7,"column":116}},"11":{"start":{"line":8,"column":8},"end":{"line":8,"column":78}},"12":{"start":{"line":11,"column":18},"end":{"line":37,"column":1}},"13":{"start":{"line":12,"column":12},"end":{"line":12,"column":104}},"14":{"start":{"line":12,"column":43},"end":{"line":12,"column":68}},"15":{"start":{"line":12,"column":57},"end":{"line":12,"column":68}},"16":{"start":{"line":12,"column":69},"end":{"line":12,"column":81}},"17":{"start":{"line":12,"column":119},"end":{"line":12,"column":196}},"18":{"start":{"line":13,"column":4},"end":{"line":13,"column":160}},"19":{"start":{"line":13,"column":141},"end":{"line":13,"column":153}},"20":{"start":{"line":14,"column":23},"end":{"line":14,"column":68}},"21":{"start":{"line":14,"column":45},"end":{"line":14,"column":65}},"22":{"start":{"line":16,"column":8},"end":{"line":16,"column":70}},"23":{"start":{"line":16,"column":15},"end":{"line":16,"column":70}},"24":{"start":{"line":17,"column":8},"end":{"line":34,"column":66}},"25":{"start":{"line":17,"column":50},"end":{"line":34,"column":66}},"26":{"start":{"line":18,"column":12},"end":{"line":18,"column":169}},"27":{"start":{"line":18,"column":160},"end":{"line":18,"column":169}},"28":{"start":{"line":19,"column":12},"end":{"line":19,"column":52}},"29":{"start":{"line":19,"column":26},"end":{"line":19,"column":52}},"30":{"start":{"line":20,"column":12},"end":{"line":32,"column":13}},"31":{"start":{"line":21,"column":32},"end":{"line":21,"column":39}},"32":{"start":{"line":21,"column":40},"end":{"line":21,"column":46}},"33":{"start":{"line":22,"column":24},"end":{"line":22,"column":34}},"34":{"start":{"line":22,"column":35},"end":{"line":22,"column":72}},"35":{"start":{"line":23,"column":24},"end":{"line":23,"column":34}},"36":{"start":{"line":23,"column":35},"end":{"line":23,"column":45}},"37":{"start":{"line":23,"column":46},"end":{"line":23,"column":55}},"38":{"start":{"line":23,"column":56},"end":{"line":23,"column":65}},"39":{"start":{"line":24,"column":24},"end":{"line":24,"column":41}},"40":{"start":{"line":24,"column":42},"end":{"line":24,"column":55}},"41":{"start":{"line":24,"column":56},"end":{"line":24,"column":65}},"42":{"start":{"line":26,"column":20},"end":{"line":26,"column":128}},"43":{"start":{"line":26,"column":110},"end":{"line":26,"column":116}},"44":{"start":{"line":26,"column":117},"end":{"line":26,"column":126}},"45":{"start":{"line":27,"column":20},"end":{"line":27,"column":106}},"46":{"start":{"line":27,"column":81},"end":{"line":27,"column":97}},"47":{"start":{"line":27,"column":98},"end":{"line":27,"column":104}},"48":{"start":{"line":28,"column":20},"end":{"line":28,"column":89}},"49":{"start":{"line":28,"column":57},"end":{"line":28,"column":72}},"50":{"start":{"line":28,"column":73},"end":{"line":28,"column":80}},"51":{"start":{"line":28,"column":81},"end":{"line":28,"column":87}},"52":{"start":{"line":29,"column":20},"end":{"line":29,"column":87}},"53":{"start":{"line":29,"column":47},"end":{"line":29,"column":62}},"54":{"start":{"line":29,"column":63},"end":{"line":29,"column":78}},"55":{"start":{"line":29,"column":79},"end":{"line":29,"column":85}},"56":{"start":{"line":30,"column":20},"end":{"line":30,"column":42}},"57":{"start":{"line":30,"column":30},"end":{"line":30,"column":42}},"58":{"start":{"line":31,"column":20},"end":{"line":31,"column":33}},"59":{"start":{"line":31,"column":34},"end":{"line":31,"column":43}},"60":{"start":{"line":33,"column":12},"end":{"line":33,"column":39}},"61":{"start":{"line":34,"column":22},"end":{"line":34,"column":34}},"62":{"start":{"line":34,"column":35},"end":{"line":34,"column":41}},"63":{"start":{"line":34,"column":54},"end":{"line":34,"column":64}},"64":{"start":{"line":35,"column":8},"end":{"line":35,"column":35}},"65":{"start":{"line":35,"column":23},"end":{"line":35,"column":35}},"66":{"start":{"line":35,"column":36},"end":{"line":35,"column":89}},"67":{"start":{"line":38,"column":0},"end":{"line":38,"column":62}},"68":{"start":{"line":39,"column":0},"end":{"line":39,"column":20}},"69":{"start":{"line":40,"column":0},"end":{"line":40,"column":38}},"70":{"start":{"line":41,"column":0},"end":{"line":41,"column":46}},"71":{"start":{"line":42,"column":0},"end":{"line":42,"column":42}},"72":{"start":{"line":43,"column":24},"end":{"line":43,"column":52}},"73":{"start":{"line":44,"column":12},"end":{"line":44,"column":28}},"74":{"start":{"line":46,"column":17},"end":{"line":46,"column":39}},"75":{"start":{"line":47,"column":13},"end":{"line":47,"column":25}},"76":{"start":{"line":55,"column":4},"end":{"line":89,"column":7}},"77":{"start":{"line":57,"column":8},"end":{"line":88,"column":11}},"78":{"start":{"line":58,"column":12},"end":{"line":87,"column":13}},"79":{"start":{"line":60,"column":20},"end":{"line":60,"column":107}},"80":{"start":{"line":61,"column":20},"end":{"line":61,"column":93}},"81":{"start":{"line":62,"column":20},"end":{"line":62,"column":71}},"82":{"start":{"line":62,"column":47},"end":{"line":62,"column":71}},"83":{"start":{"line":63,"column":20},"end":{"line":63,"column":61}},"84":{"start":{"line":65,"column":20},"end":{"line":65,"column":30}},"85":{"start":{"line":66,"column":20},"end":{"line":66,"column":44}},"86":{"start":{"line":68,"column":20},"end":{"line":68,"column":73}},"87":{"start":{"line":68,"column":49},"end":{"line":68,"column":73}},"88":{"start":{"line":69,"column":20},"end":{"line":69,"column":62}},"89":{"start":{"line":71,"column":20},"end":{"line":71,"column":30}},"90":{"start":{"line":72,"column":20},"end":{"line":72,"column":44}},"91":{"start":{"line":74,"column":20},"end":{"line":74,"column":71}},"92":{"start":{"line":74,"column":47},"end":{"line":74,"column":71}},"93":{"start":{"line":75,"column":20},"end":{"line":75,"column":61}},"94":{"start":{"line":77,"column":20},"end":{"line":77,"column":30}},"95":{"start":{"line":78,"column":20},"end":{"line":78,"column":44}},"96":{"start":{"line":80,"column":20},"end":{"line":80,"column":71}},"97":{"start":{"line":80,"column":47},"end":{"line":80,"column":71}},"98":{"start":{"line":81,"column":20},"end":{"line":81,"column":61}},"99":{"start":{"line":83,"column":20},"end":{"line":83,"column":30}},"100":{"start":{"line":84,"column":20},"end":{"line":84,"column":44}},"101":{"start":{"line":85,"column":24},"end":{"line":85,"column":61}},"102":{"start":{"line":86,"column":24},"end":{"line":86,"column":46}},"103":{"start":{"line":92,"column":16},"end":{"line":92,"column":17}},"104":{"start":{"line":103,"column":4},"end":{"line":103,"column":18}},"105":{"start":{"line":104,"column":4},"end":{"line":122,"column":5}},"106":{"start":{"line":104,"column":17},"end":{"line":104,"column":18}},"107":{"start":{"line":105,"column":20},"end":{"line":105,"column":37}},"108":{"start":{"line":106,"column":29},"end":{"line":106,"column":77}},"109":{"start":{"line":107,"column":27},"end":{"line":107,"column":57}},"110":{"start":{"line":108,"column":26},"end":{"line":108,"column":48}},"111":{"start":{"line":109,"column":8},"end":{"line":121,"column":9}},"112":{"start":{"line":110,"column":12},"end":{"line":110,"column":53}},"113":{"start":{"line":111,"column":22},"end":{"line":111,"column":39}},"114":{"start":{"line":112,"column":28},"end":{"line":112,"column":39}},"115":{"start":{"line":113,"column":31},"end":{"line":113,"column":62}},"116":{"start":{"line":114,"column":12},"end":{"line":114,"column":38}},"117":{"start":{"line":115,"column":12},"end":{"line":115,"column":61}},"118":{"start":{"line":118,"column":12},"end":{"line":118,"column":92}},"119":{"start":{"line":119,"column":12},"end":{"line":119,"column":83}},"120":{"start":{"line":120,"column":12},"end":{"line":120,"column":51}},"121":{"start":{"line":136,"column":19},"end":{"line":136,"column":32}},"122":{"start":{"line":137,"column":4},"end":{"line":138,"column":15}},"123":{"start":{"line":138,"column":8},"end":{"line":138,"column":15}},"124":{"start":{"line":139,"column":16},"end":{"line":139,"column":33}},"125":{"start":{"line":140,"column":25},"end":{"line":140,"column":73}},"126":{"start":{"line":141,"column":23},"end":{"line":141,"column":53}},"127":{"start":{"line":142,"column":22},"end":{"line":142,"column":44}},"128":{"start":{"line":143,"column":4},"end":{"line":155,"column":5}},"129":{"start":{"line":144,"column":8},"end":{"line":144,"column":49}},"130":{"start":{"line":145,"column":18},"end":{"line":145,"column":35}},"131":{"start":{"line":146,"column":24},"end":{"line":146,"column":35}},"132":{"start":{"line":147,"column":27},"end":{"line":147,"column":58}},"133":{"start":{"line":148,"column":8},"end":{"line":148,"column":20}},"134":{"start":{"line":149,"column":8},"end":{"line":149,"column":57}},"135":{"start":{"line":152,"column":8},"end":{"line":152,"column":52}},"136":{"start":{"line":153,"column":8},"end":{"line":153,"column":79}},"137":{"start":{"line":154,"column":8},"end":{"line":154,"column":47}},"138":{"start":{"line":164,"column":4},"end":{"line":178,"column":7}},"139":{"start":{"line":165,"column":8},"end":{"line":177,"column":11}},"140":{"start":{"line":166,"column":12},"end":{"line":176,"column":13}},"141":{"start":{"line":168,"column":20},"end":{"line":168,"column":46}},"142":{"start":{"line":169,"column":20},"end":{"line":169,"column":109}},"143":{"start":{"line":170,"column":20},"end":{"line":170,"column":81}},"144":{"start":{"line":171,"column":20},"end":{"line":171,"column":46}},"145":{"start":{"line":172,"column":20},"end":{"line":172,"column":66}},"146":{"start":{"line":174,"column":20},"end":{"line":174,"column":30}},"147":{"start":{"line":175,"column":20},"end":{"line":175,"column":42}},"148":{"start":{"line":187,"column":4},"end":{"line":212,"column":7}},"149":{"start":{"line":189,"column":8},"end":{"line":211,"column":11}},"150":{"start":{"line":190,"column":12},"end":{"line":210,"column":13}},"151":{"start":{"line":192,"column":20},"end":{"line":192,"column":112}},"152":{"start":{"line":193,"column":20},"end":{"line":193,"column":54}},"153":{"start":{"line":194,"column":20},"end":{"line":194,"column":71}},"154":{"start":{"line":194,"column":47},"end":{"line":194,"column":71}},"155":{"start":{"line":195,"column":20},"end":{"line":195,"column":55}},"156":{"start":{"line":197,"column":20},"end":{"line":197,"column":30}},"157":{"start":{"line":198,"column":20},"end":{"line":198,"column":44}},"158":{"start":{"line":200,"column":20},"end":{"line":200,"column":71}},"159":{"start":{"line":200,"column":47},"end":{"line":200,"column":71}},"160":{"start":{"line":201,"column":20},"end":{"line":201,"column":62}},"161":{"start":{"line":202,"column":20},"end":{"line":202,"column":42}},"162":{"start":{"line":204,"column":20},"end":{"line":204,"column":59}},"163":{"start":{"line":205,"column":20},"end":{"line":205,"column":66}},"164":{"start":{"line":207,"column":20},"end":{"line":207,"column":30}},"165":{"start":{"line":208,"column":20},"end":{"line":208,"column":33}},"166":{"start":{"line":209,"column":24},"end":{"line":209,"column":46}},"167":{"start":{"line":225,"column":4},"end":{"line":244,"column":7}},"168":{"start":{"line":226,"column":8},"end":{"line":243,"column":11}},"169":{"start":{"line":227,"column":12},"end":{"line":242,"column":13}},"170":{"start":{"line":229,"column":20},"end":{"line":229,"column":76}},"171":{"start":{"line":229,"column":52},"end":{"line":229,"column":76}},"172":{"start":{"line":230,"column":20},"end":{"line":230,"column":59}},"173":{"start":{"line":231,"column":20},"end":{"line":231,"column":61}},"174":{"start":{"line":233,"column":20},"end":{"line":233,"column":30}},"175":{"start":{"line":234,"column":20},"end":{"line":234,"column":44}},"176":{"start":{"line":236,"column":20},"end":{"line":236,"column":73}},"177":{"start":{"line":237,"column":20},"end":{"line":237,"column":55}},"178":{"start":{"line":239,"column":20},"end":{"line":239,"column":30}},"179":{"start":{"line":240,"column":20},"end":{"line":240,"column":33}},"180":{"start":{"line":241,"column":24},"end":{"line":241,"column":46}},"181":{"start":{"line":253,"column":4},"end":{"line":268,"column":7}},"182":{"start":{"line":255,"column":8},"end":{"line":267,"column":11}},"183":{"start":{"line":256,"column":12},"end":{"line":266,"column":13}},"184":{"start":{"line":258,"column":20},"end":{"line":258,"column":82}},"185":{"start":{"line":259,"column":20},"end":{"line":259,"column":97}},"186":{"start":{"line":261,"column":20},"end":{"line":261,"column":42}},"187":{"start":{"line":262,"column":20},"end":{"line":262,"column":81}},"188":{"start":{"line":264,"column":20},"end":{"line":264,"column":30}},"189":{"start":{"line":265,"column":20},"end":{"line":265,"column":42}},"190":{"start":{"line":277,"column":4},"end":{"line":292,"column":7}},"191":{"start":{"line":279,"column":8},"end":{"line":291,"column":11}},"192":{"start":{"line":280,"column":12},"end":{"line":290,"column":13}},"193":{"start":{"line":282,"column":20},"end":{"line":282,"column":84}},"194":{"start":{"line":283,"column":20},"end":{"line":283,"column":97}},"195":{"start":{"line":285,"column":20},"end":{"line":285,"column":42}},"196":{"start":{"line":286,"column":20},"end":{"line":286,"column":81}},"197":{"start":{"line":288,"column":20},"end":{"line":288,"column":30}},"198":{"start":{"line":289,"column":20},"end":{"line":289,"column":42}},"199":{"start":{"line":301,"column":4},"end":{"line":316,"column":7}},"200":{"start":{"line":303,"column":8},"end":{"line":315,"column":11}},"201":{"start":{"line":304,"column":12},"end":{"line":314,"column":13}},"202":{"start":{"line":306,"column":20},"end":{"line":306,"column":82}},"203":{"start":{"line":307,"column":20},"end":{"line":307,"column":97}},"204":{"start":{"line":309,"column":20},"end":{"line":309,"column":42}},"205":{"start":{"line":310,"column":20},"end":{"line":310,"column":81}},"206":{"start":{"line":312,"column":20},"end":{"line":312,"column":30}},"207":{"start":{"line":313,"column":20},"end":{"line":313,"column":42}},"208":{"start":{"line":324,"column":4},"end":{"line":324,"column":79}},"209":{"start":{"line":324,"column":44},"end":{"line":324,"column":75}},"210":{"start":{"line":335,"column":4},"end":{"line":374,"column":7}},"211":{"start":{"line":337,"column":8},"end":{"line":373,"column":11}},"212":{"start":{"line":338,"column":12},"end":{"line":372,"column":13}},"213":{"start":{"line":339,"column":24},"end":{"line":339,"column":153}},"214":{"start":{"line":341,"column":20},"end":{"line":341,"column":37}},"215":{"start":{"line":342,"column":20},"end":{"line":342,"column":83}},"216":{"start":{"line":343,"column":20},"end":{"line":343,"column":54}},"217":{"start":{"line":345,"column":20},"end":{"line":345,"column":30}},"218":{"start":{"line":346,"column":20},"end":{"line":346,"column":66}},"219":{"start":{"line":347,"column":20},"end":{"line":347,"column":151}},"220":{"start":{"line":349,"column":20},"end":{"line":349,"column":38}},"221":{"start":{"line":350,"column":20},"end":{"line":350,"column":54}},"222":{"start":{"line":352,"column":20},"end":{"line":352,"column":30}},"223":{"start":{"line":353,"column":20},"end":{"line":353,"column":149}},"224":{"start":{"line":355,"column":20},"end":{"line":355,"column":37}},"225":{"start":{"line":356,"column":20},"end":{"line":356,"column":34}},"226":{"start":{"line":357,"column":20},"end":{"line":367,"column":21}},"227":{"start":{"line":358,"column":24},"end":{"line":366,"column":25}},"228":{"start":{"line":359,"column":28},"end":{"line":359,"column":63}},"229":{"start":{"line":361,"column":29},"end":{"line":366,"column":25}},"230":{"start":{"line":362,"column":28},"end":{"line":362,"column":64}},"231":{"start":{"line":365,"column":28},"end":{"line":365,"column":63}},"232":{"start":{"line":368,"column":20},"end":{"line":368,"column":61}},"233":{"start":{"line":370,"column":20},"end":{"line":370,"column":30}},"234":{"start":{"line":371,"column":20},"end":{"line":371,"column":42}}},"fnMap":{"0":{"name":"(anonymous_0)","decl":{"start":{"line":2,"column":44},"end":{"line":2,"column":45}},"loc":{"start":{"line":2,"column":89},"end":{"line":10,"column":1}},"line":2},"1":{"name":"adopt","decl":{"start":{"line":3,"column":13},"end":{"line":3,"column":18}},"loc":{"start":{"line":3,"column":26},"end":{"line":3,"column":112}},"line":3},"2":{"name":"(anonymous_2)","decl":{"start":{"line":3,"column":70},"end":{"line":3,"column":71}},"loc":{"start":{"line":3,"column":89},"end":{"line":3,"column":108}},"line":3},"3":{"name":"(anonymous_3)","decl":{"start":{"line":4,"column":36},"end":{"line":4,"column":37}},"loc":{"start":{"line":4,"column":63},"end":{"line":9,"column":5}},"line":4},"4":{"name":"fulfilled","decl":{"start":{"line":5,"column":17},"end":{"line":5,"column":26}},"loc":{"start":{"line":5,"column":34},"end":{"line":5,"column":99}},"line":5},"5":{"name":"rejected","decl":{"start":{"line":6,"column":17},"end":{"line":6,"column":25}},"loc":{"start":{"line":6,"column":33},"end":{"line":6,"column":102}},"line":6},"6":{"name":"step","decl":{"start":{"line":7,"column":17},"end":{"line":7,"column":21}},"loc":{"start":{"line":7,"column":30},"end":{"line":7,"column":118}},"line":7},"7":{"name":"(anonymous_7)","decl":{"start":{"line":11,"column":48},"end":{"line":11,"column":49}},"loc":{"start":{"line":11,"column":73},"end":{"line":37,"column":1}},"line":11},"8":{"name":"(anonymous_8)","decl":{"start":{"line":12,"column":30},"end":{"line":12,"column":31}},"loc":{"start":{"line":12,"column":41},"end":{"line":12,"column":83}},"line":12},"9":{"name":"(anonymous_9)","decl":{"start":{"line":13,"column":128},"end":{"line":13,"column":129}},"loc":{"start":{"line":13,"column":139},"end":{"line":13,"column":155}},"line":13},"10":{"name":"verb","decl":{"start":{"line":14,"column":13},"end":{"line":14,"column":17}},"loc":{"start":{"line":14,"column":21},"end":{"line":14,"column":70}},"line":14},"11":{"name":"(anonymous_11)","decl":{"start":{"line":14,"column":30},"end":{"line":14,"column":31}},"loc":{"start":{"line":14,"column":43},"end":{"line":14,"column":67}},"line":14},"12":{"name":"step","decl":{"start":{"line":15,"column":13},"end":{"line":15,"column":17}},"loc":{"start":{"line":15,"column":22},"end":{"line":36,"column":5}},"line":15},"13":{"name":"game","decl":{"start":{"line":54,"column":9},"end":{"line":54,"column":13}},"loc":{"start":{"line":54,"column":28},"end":{"line":90,"column":1}},"line":54},"14":{"name":"(anonymous_14)","decl":{"start":{"line":55,"column":43},"end":{"line":55,"column":44}},"loc":{"start":{"line":55,"column":55},"end":{"line":89,"column":5}},"line":55},"15":{"name":"(anonymous_15)","decl":{"start":{"line":57,"column":33},"end":{"line":57,"column":34}},"loc":{"start":{"line":57,"column":47},"end":{"line":88,"column":9}},"line":57},"16":{"name":"question_loop","decl":{"start":{"line":102,"column":9},"end":{"line":102,"column":22}},"loc":{"start":{"line":102,"column":44},"end":{"line":123,"column":1}},"line":102},"17":{"name":"compquestion_loop","decl":{"start":{"line":134,"column":9},"end":{"line":134,"column":26}},"loc":{"start":{"line":134,"column":48},"end":{"line":156,"column":1}},"line":134},"18":{"name":"end_screen","decl":{"start":{"line":163,"column":9},"end":{"line":163,"column":19}},"loc":{"start":{"line":163,"column":28},"end":{"line":179,"column":1}},"line":163},"19":{"name":"(anonymous_19)","decl":{"start":{"line":164,"column":43},"end":{"line":164,"column":44}},"loc":{"start":{"line":164,"column":55},"end":{"line":178,"column":5}},"line":164},"20":{"name":"(anonymous_20)","decl":{"start":{"line":165,"column":33},"end":{"line":165,"column":34}},"loc":{"start":{"line":165,"column":47},"end":{"line":177,"column":9}},"line":165},"21":{"name":"end_screen_menu","decl":{"start":{"line":186,"column":9},"end":{"line":186,"column":24}},"loc":{"start":{"line":186,"column":33},"end":{"line":213,"column":1}},"line":186},"22":{"name":"(anonymous_22)","decl":{"start":{"line":187,"column":43},"end":{"line":187,"column":44}},"loc":{"start":{"line":187,"column":55},"end":{"line":212,"column":5}},"line":187},"23":{"name":"(anonymous_23)","decl":{"start":{"line":189,"column":33},"end":{"line":189,"column":34}},"loc":{"start":{"line":189,"column":47},"end":{"line":211,"column":9}},"line":189},"24":{"name":"start_quiz_round","decl":{"start":{"line":224,"column":9},"end":{"line":224,"column":25}},"loc":{"start":{"line":224,"column":51},"end":{"line":245,"column":1}},"line":224},"25":{"name":"(anonymous_25)","decl":{"start":{"line":225,"column":43},"end":{"line":225,"column":44}},"loc":{"start":{"line":225,"column":55},"end":{"line":244,"column":5}},"line":225},"26":{"name":"(anonymous_26)","decl":{"start":{"line":226,"column":33},"end":{"line":226,"column":34}},"loc":{"start":{"line":226,"column":47},"end":{"line":243,"column":9}},"line":226},"27":{"name":"svår","decl":{"start":{"line":252,"column":9},"end":{"line":252,"column":13}},"loc":{"start":{"line":252,"column":22},"end":{"line":269,"column":1}},"line":252},"28":{"name":"(anonymous_28)","decl":{"start":{"line":253,"column":43},"end":{"line":253,"column":44}},"loc":{"start":{"line":253,"column":55},"end":{"line":268,"column":5}},"line":253},"29":{"name":"(anonymous_29)","decl":{"start":{"line":255,"column":33},"end":{"line":255,"column":34}},"loc":{"start":{"line":255,"column":47},"end":{"line":267,"column":9}},"line":255},"30":{"name":"medel","decl":{"start":{"line":276,"column":9},"end":{"line":276,"column":14}},"loc":{"start":{"line":276,"column":23},"end":{"line":293,"column":1}},"line":276},"31":{"name":"(anonymous_31)","decl":{"start":{"line":277,"column":43},"end":{"line":277,"column":44}},"loc":{"start":{"line":277,"column":55},"end":{"line":292,"column":5}},"line":277},"32":{"name":"(anonymous_32)","decl":{"start":{"line":279,"column":33},"end":{"line":279,"column":34}},"loc":{"start":{"line":279,"column":47},"end":{"line":291,"column":9}},"line":279},"33":{"name":"lätt","decl":{"start":{"line":300,"column":9},"end":{"line":300,"column":13}},"loc":{"start":{"line":300,"column":22},"end":{"line":317,"column":1}},"line":300},"34":{"name":"(anonymous_34)","decl":{"start":{"line":301,"column":43},"end":{"line":301,"column":44}},"loc":{"start":{"line":301,"column":55},"end":{"line":316,"column":5}},"line":301},"35":{"name":"(anonymous_35)","decl":{"start":{"line":303,"column":33},"end":{"line":303,"column":34}},"loc":{"start":{"line":303,"column":47},"end":{"line":315,"column":9}},"line":303},"36":{"name":"sleep","decl":{"start":{"line":323,"column":9},"end":{"line":323,"column":14}},"loc":{"start":{"line":323,"column":19},"end":{"line":325,"column":1}},"line":323},"37":{"name":"(anonymous_37)","decl":{"start":{"line":324,"column":23},"end":{"line":324,"column":24}},"loc":{"start":{"line":324,"column":42},"end":{"line":324,"column":77}},"line":324},"38":{"name":"comp","decl":{"start":{"line":334,"column":9},"end":{"line":334,"column":13}},"loc":{"start":{"line":334,"column":22},"end":{"line":375,"column":1}},"line":334},"39":{"name":"(anonymous_39)","decl":{"start":{"line":335,"column":43},"end":{"line":335,"column":44}},"loc":{"start":{"line":335,"column":55},"end":{"line":374,"column":5}},"line":335},"40":{"name":"(anonymous_40)","decl":{"start":{"line":337,"column":33},"end":{"line":337,"column":34}},"loc":{"start":{"line":337,"column":47},"end":{"line":373,"column":9}},"line":337}},"branchMap":{"0":{"loc":{"start":{"line":2,"column":16},"end":{"line":10,"column":1}},"type":"binary-expr","locations":[{"start":{"line":2,"column":17},"end":{"line":2,"column":21}},{"start":{"line":2,"column":25},"end":{"line":2,"column":39}},{"start":{"line":2,"column":44},"end":{"line":10,"column":1}}],"line":2},"1":{"loc":{"start":{"line":3,"column":35},"end":{"line":3,"column":109}},"type":"cond-expr","locations":[{"start":{"line":3,"column":56},"end":{"line":3,"column":61}},{"start":{"line":3,"column":64},"end":{"line":3,"column":109}}],"line":3},"2":{"loc":{"start":{"line":4,"column":16},"end":{"line":4,"column":34}},"type":"binary-expr","locations":[{"start":{"line":4,"column":16},"end":{"line":4,"column":17}},{"start":{"line":4,"column":22},"end":{"line":4,"column":33}}],"line":4},"3":{"loc":{"start":{"line":7,"column":32},"end":{"line":7,"column":115}},"type":"cond-expr","locations":[{"start":{"line":7,"column":46},"end":{"line":7,"column":67}},{"start":{"line":7,"column":70},"end":{"line":7,"column":115}}],"line":7},"4":{"loc":{"start":{"line":8,"column":51},"end":{"line":8,"column":67}},"type":"binary-expr","locations":[{"start":{"line":8,"column":51},"end":{"line":8,"column":61}},{"start":{"line":8,"column":65},"end":{"line":8,"column":67}}],"line":8},"5":{"loc":{"start":{"line":11,"column":18},"end":{"line":37,"column":1}},"type":"binary-expr","locations":[{"start":{"line":11,"column":19},"end":{"line":11,"column":23}},{"start":{"line":11,"column":27},"end":{"line":11,"column":43}},{"start":{"line":11,"column":48},"end":{"line":37,"column":1}}],"line":11},"6":{"loc":{"start":{"line":12,"column":43},"end":{"line":12,"column":68}},"type":"if","locations":[{"start":{"line":12,"column":43},"end":{"line":12,"column":68}},{"start":{},"end":{}}],"line":12},"7":{"loc":{"start":{"line":12,"column":134},"end":{"line":12,"column":184}},"type":"cond-expr","locations":[{"start":{"line":12,"column":167},"end":{"line":12,"column":175}},{"start":{"line":12,"column":178},"end":{"line":12,"column":184}}],"line":12},"8":{"loc":{"start":{"line":13,"column":74},"end":{"line":13,"column":156}},"type":"binary-expr","locations":[{"start":{"line":13,"column":74},"end":{"line":13,"column":102}},{"start":{"line":13,"column":107},"end":{"line":13,"column":155}}],"line":13},"9":{"loc":{"start":{"line":16,"column":8},"end":{"line":16,"column":70}},"type":"if","locations":[{"start":{"line":16,"column":8},"end":{"line":16,"column":70}},{"start":{},"end":{}}],"line":16},"10":{"loc":{"start":{"line":17,"column":15},"end":{"line":17,"column":45}},"type":"binary-expr","locations":[{"start":{"line":17,"column":15},"end":{"line":17,"column":16}},{"start":{"line":17,"column":21},"end":{"line":17,"column":44}}],"line":17},"11":{"loc":{"start":{"line":17,"column":28},"end":{"line":17,"column":44}},"type":"binary-expr","locations":[{"start":{"line":17,"column":28},"end":{"line":17,"column":33}},{"start":{"line":17,"column":38},"end":{"line":17,"column":43}}],"line":17},"12":{"loc":{"start":{"line":18,"column":12},"end":{"line":18,"column":169}},"type":"if","locations":[{"start":{"line":18,"column":12},"end":{"line":18,"column":169}},{"start":{},"end":{}}],"line":18},"13":{"loc":{"start":{"line":18,"column":23},"end":{"line":18,"column":158}},"type":"binary-expr","locations":[{"start":{"line":18,"column":23},"end":{"line":18,"column":24}},{"start":{"line":18,"column":29},"end":{"line":18,"column":125}},{"start":{"line":18,"column":130},"end":{"line":18,"column":158}}],"line":18},"14":{"loc":{"start":{"line":18,"column":33},"end":{"line":18,"column":125}},"type":"cond-expr","locations":[{"start":{"line":18,"column":45},"end":{"line":18,"column":56}},{"start":{"line":18,"column":59},"end":{"line":18,"column":125}}],"line":18},"15":{"loc":{"start":{"line":18,"column":59},"end":{"line":18,"column":125}},"type":"cond-expr","locations":[{"start":{"line":18,"column":67},"end":{"line":18,"column":116}},{"start":{"line":18,"column":119},"end":{"line":18,"column":125}}],"line":18},"16":{"loc":{"start":{"line":18,"column":67},"end":{"line":18,"column":116}},"type":"binary-expr","locations":[{"start":{"line":18,"column":67},"end":{"line":18,"column":77}},{"start":{"line":18,"column":82},"end":{"line":18,"column":115}}],"line":18},"17":{"loc":{"start":{"line":18,"column":82},"end":{"line":18,"column":112}},"type":"binary-expr","locations":[{"start":{"line":18,"column":83},"end":{"line":18,"column":98}},{"start":{"line":18,"column":103},"end":{"line":18,"column":112}}],"line":18},"18":{"loc":{"start":{"line":19,"column":12},"end":{"line":19,"column":52}},"type":"if","locations":[{"start":{"line":19,"column":12},"end":{"line":19,"column":52}},{"start":{},"end":{}}],"line":19},"19":{"loc":{"start":{"line":20,"column":12},"end":{"line":32,"column":13}},"type":"switch","locations":[{"start":{"line":21,"column":16},"end":{"line":21,"column":23}},{"start":{"line":21,"column":24},"end":{"line":21,"column":46}},{"start":{"line":22,"column":16},"end":{"line":22,"column":72}},{"start":{"line":23,"column":16},"end":{"line":23,"column":65}},{"start":{"line":24,"column":16},"end":{"line":24,"column":65}},{"start":{"line":25,"column":16},"end":{"line":31,"column":43}}],"line":20},"20":{"loc":{"start":{"line":26,"column":20},"end":{"line":26,"column":128}},"type":"if","locations":[{"start":{"line":26,"column":20},"end":{"line":26,"column":128}},{"start":{},"end":{}}],"line":26},"21":{"loc":{"start":{"line":26,"column":24},"end":{"line":26,"column":106}},"type":"binary-expr","locations":[{"start":{"line":26,"column":24},"end":{"line":26,"column":74}},{"start":{"line":26,"column":79},"end":{"line":26,"column":90}},{"start":{"line":26,"column":94},"end":{"line":26,"column":105}}],"line":26},"22":{"loc":{"start":{"line":26,"column":42},"end":{"line":26,"column":73}},"type":"binary-expr","locations":[{"start":{"line":26,"column":42},"end":{"line":26,"column":54}},{"start":{"line":26,"column":58},"end":{"line":26,"column":73}}],"line":26},"23":{"loc":{"start":{"line":27,"column":20},"end":{"line":27,"column":106}},"type":"if","locations":[{"start":{"line":27,"column":20},"end":{"line":27,"column":106}},{"start":{},"end":{}}],"line":27},"24":{"loc":{"start":{"line":27,"column":24},"end":{"line":27,"column":77}},"type":"binary-expr","locations":[{"start":{"line":27,"column":24},"end":{"line":27,"column":35}},{"start":{"line":27,"column":40},"end":{"line":27,"column":42}},{"start":{"line":27,"column":47},"end":{"line":27,"column":59}},{"start":{"line":27,"column":63},"end":{"line":27,"column":75}}],"line":27},"25":{"loc":{"start":{"line":28,"column":20},"end":{"line":28,"column":89}},"type":"if","locations":[{"start":{"line":28,"column":20},"end":{"line":28,"column":89}},{"start":{},"end":{}}],"line":28},"26":{"loc":{"start":{"line":28,"column":24},"end":{"line":28,"column":53}},"type":"binary-expr","locations":[{"start":{"line":28,"column":24},"end":{"line":28,"column":35}},{"start":{"line":28,"column":39},"end":{"line":28,"column":53}}],"line":28},"27":{"loc":{"start":{"line":29,"column":20},"end":{"line":29,"column":87}},"type":"if","locations":[{"start":{"line":29,"column":20},"end":{"line":29,"column":87}},{"start":{},"end":{}}],"line":29},"28":{"loc":{"start":{"line":29,"column":24},"end":{"line":29,"column":43}},"type":"binary-expr","locations":[{"start":{"line":29,"column":24},"end":{"line":29,"column":25}},{"start":{"line":29,"column":29},"end":{"line":29,"column":43}}],"line":29},"29":{"loc":{"start":{"line":30,"column":20},"end":{"line":30,"column":42}},"type":"if","locations":[{"start":{"line":30,"column":20},"end":{"line":30,"column":42}},{"start":{},"end":{}}],"line":30},"30":{"loc":{"start":{"line":35,"column":8},"end":{"line":35,"column":35}},"type":"if","locations":[{"start":{"line":35,"column":8},"end":{"line":35,"column":35}},{"start":{},"end":{}}],"line":35},"31":{"loc":{"start":{"line":35,"column":52},"end":{"line":35,"column":74}},"type":"cond-expr","locations":[{"start":{"line":35,"column":60},"end":{"line":35,"column":65}},{"start":{"line":35,"column":68},"end":{"line":35,"column":74}}],"line":35},"32":{"loc":{"start":{"line":58,"column":12},"end":{"line":87,"column":13}},"type":"switch","locations":[{"start":{"line":59,"column":16},"end":{"line":63,"column":61}},{"start":{"line":64,"column":16},"end":{"line":66,"column":44}},{"start":{"line":67,"column":16},"end":{"line":69,"column":62}},{"start":{"line":70,"column":16},"end":{"line":72,"column":44}},{"start":{"line":73,"column":16},"end":{"line":75,"column":61}},{"start":{"line":76,"column":16},"end":{"line":78,"column":44}},{"start":{"line":79,"column":16},"end":{"line":81,"column":61}},{"start":{"line":82,"column":16},"end":{"line":84,"column":44}},{"start":{"line":85,"column":16},"end":{"line":85,"column":61}},{"start":{"line":86,"column":16},"end":{"line":86,"column":46}}],"line":58},"33":{"loc":{"start":{"line":62,"column":20},"end":{"line":62,"column":71}},"type":"if","locations":[{"start":{"line":62,"column":20},"end":{"line":62,"column":71}},{"start":{},"end":{}}],"line":62},"34":{"loc":{"start":{"line":68,"column":20},"end":{"line":68,"column":73}},"type":"if","locations":[{"start":{"line":68,"column":20},"end":{"line":68,"column":73}},{"start":{},"end":{}}],"line":68},"35":{"loc":{"start":{"line":74,"column":20},"end":{"line":74,"column":71}},"type":"if","locations":[{"start":{"line":74,"column":20},"end":{"line":74,"column":71}},{"start":{},"end":{}}],"line":74},"36":{"loc":{"start":{"line":80,"column":20},"end":{"line":80,"column":71}},"type":"if","locations":[{"start":{"line":80,"column":20},"end":{"line":80,"column":71}},{"start":{},"end":{}}],"line":80},"37":{"loc":{"start":{"line":109,"column":8},"end":{"line":121,"column":9}},"type":"if","locations":[{"start":{"line":109,"column":8},"end":{"line":121,"column":9}},{"start":{"line":117,"column":13},"end":{"line":121,"column":9}}],"line":109},"38":{"loc":{"start":{"line":137,"column":4},"end":{"line":138,"column":15}},"type":"if","locations":[{"start":{"line":137,"column":4},"end":{"line":138,"column":15}},{"start":{},"end":{}}],"line":137},"39":{"loc":{"start":{"line":143,"column":4},"end":{"line":155,"column":5}},"type":"if","locations":[{"start":{"line":143,"column":4},"end":{"line":155,"column":5}},{"start":{"line":151,"column":9},"end":{"line":155,"column":5}}],"line":143},"40":{"loc":{"start":{"line":166,"column":12},"end":{"line":176,"column":13}},"type":"switch","locations":[{"start":{"line":167,"column":16},"end":{"line":172,"column":66}},{"start":{"line":173,"column":16},"end":{"line":175,"column":42}}],"line":166},"41":{"loc":{"start":{"line":190,"column":12},"end":{"line":210,"column":13}},"type":"switch","locations":[{"start":{"line":191,"column":16},"end":{"line":195,"column":55}},{"start":{"line":196,"column":16},"end":{"line":198,"column":44}},{"start":{"line":199,"column":16},"end":{"line":202,"column":42}},{"start":{"line":203,"column":16},"end":{"line":205,"column":66}},{"start":{"line":206,"column":16},"end":{"line":208,"column":33}},{"start":{"line":209,"column":16},"end":{"line":209,"column":46}}],"line":190},"42":{"loc":{"start":{"line":194,"column":20},"end":{"line":194,"column":71}},"type":"if","locations":[{"start":{"line":194,"column":20},"end":{"line":194,"column":71}},{"start":{},"end":{}}],"line":194},"43":{"loc":{"start":{"line":200,"column":20},"end":{"line":200,"column":71}},"type":"if","locations":[{"start":{"line":200,"column":20},"end":{"line":200,"column":71}},{"start":{},"end":{}}],"line":200},"44":{"loc":{"start":{"line":227,"column":12},"end":{"line":242,"column":13}},"type":"switch","locations":[{"start":{"line":228,"column":16},"end":{"line":231,"column":61}},{"start":{"line":232,"column":16},"end":{"line":234,"column":44}},{"start":{"line":235,"column":16},"end":{"line":237,"column":55}},{"start":{"line":238,"column":16},"end":{"line":240,"column":33}},{"start":{"line":241,"column":16},"end":{"line":241,"column":46}}],"line":227},"45":{"loc":{"start":{"line":229,"column":20},"end":{"line":229,"column":76}},"type":"if","locations":[{"start":{"line":229,"column":20},"end":{"line":229,"column":76}},{"start":{},"end":{}}],"line":229},"46":{"loc":{"start":{"line":256,"column":12},"end":{"line":266,"column":13}},"type":"switch","locations":[{"start":{"line":257,"column":16},"end":{"line":259,"column":97}},{"start":{"line":260,"column":16},"end":{"line":262,"column":81}},{"start":{"line":263,"column":16},"end":{"line":265,"column":42}}],"line":256},"47":{"loc":{"start":{"line":280,"column":12},"end":{"line":290,"column":13}},"type":"switch","locations":[{"start":{"line":281,"column":16},"end":{"line":283,"column":97}},{"start":{"line":284,"column":16},"end":{"line":286,"column":81}},{"start":{"line":287,"column":16},"end":{"line":289,"column":42}}],"line":280},"48":{"loc":{"start":{"line":304,"column":12},"end":{"line":314,"column":13}},"type":"switch","locations":[{"start":{"line":305,"column":16},"end":{"line":307,"column":97}},{"start":{"line":308,"column":16},"end":{"line":310,"column":81}},{"start":{"line":311,"column":16},"end":{"line":313,"column":42}}],"line":304},"49":{"loc":{"start":{"line":338,"column":12},"end":{"line":372,"column":13}},"type":"switch","locations":[{"start":{"line":339,"column":16},"end":{"line":339,"column":153}},{"start":{"line":340,"column":16},"end":{"line":343,"column":54}},{"start":{"line":344,"column":16},"end":{"line":347,"column":151}},{"start":{"line":348,"column":16},"end":{"line":350,"column":54}},{"start":{"line":351,"column":16},"end":{"line":353,"column":149}},{"start":{"line":354,"column":16},"end":{"line":368,"column":61}},{"start":{"line":369,"column":16},"end":{"line":371,"column":42}}],"line":338},"50":{"loc":{"start":{"line":358,"column":24},"end":{"line":366,"column":25}},"type":"if","locations":[{"start":{"line":358,"column":24},"end":{"line":366,"column":25}},{"start":{"line":361,"column":29},"end":{"line":366,"column":25}}],"line":358},"51":{"loc":{"start":{"line":361,"column":29},"end":{"line":366,"column":25}},"type":"if","locations":[{"start":{"line":361,"column":29},"end":{"line":366,"column":25}},{"start":{"line":364,"column":29},"end":{"line":366,"column":25}}],"line":361}},"s":{"0":1,"1":40,"2":0,"3":30,"4":40,"5":40,"6":0,"7":0,"8":0,"9":0,"10":70,"11":30,"12":1,"13":30,"14":40,"15":0,"16":40,"17":30,"18":30,"19":0,"20":90,"21":70,"22":70,"23":0,"24":70,"25":174,"26":174,"27":0,"28":174,"29":0,"30":174,"31":70,"32":70,"33":40,"34":40,"35":0,"36":0,"37":0,"38":0,"39":0,"40":0,"41":0,"42":64,"43":30,"44":30,"45":34,"46":34,"47":34,"48":0,"49":0,"50":0,"51":0,"52":0,"53":0,"54":0,"55":0,"56":0,"57":0,"58":0,"59":0,"60":104,"61":0,"62":0,"63":174,"64":30,"65":0,"66":30,"67":1,"68":1,"69":1,"70":1,"71":1,"72":1,"73":1,"74":1,"75":1,"76":7,"77":7,"78":35,"79":7,"80":7,"81":7,"82":6,"83":1,"84":1,"85":1,"86":6,"87":5,"88":1,"89":1,"90":1,"91":5,"92":4,"93":1,"94":1,"95":1,"96":4,"97":1,"98":3,"99":3,"100":3,"101":1,"102":6,"103":1,"104":4,"105":4,"106":4,"107":40,"108":40,"109":40,"110":40,"111":40,"112":20,"113":20,"114":20,"115":20,"116":20,"117":20,"118":20,"119":20,"120":20,"121":30,"122":30,"123":0,"124":30,"125":30,"126":30,"127":30,"128":30,"129":16,"130":16,"131":16,"132":16,"133":16,"134":16,"135":14,"136":14,"137":14,"138":6,"139":6,"140":12,"141":6,"142":6,"143":6,"144":6,"145":6,"146":6,"147":6,"148":8,"149":8,"150":18,"151":8,"152":8,"153":8,"154":8,"155":0,"156":0,"157":0,"158":8,"159":1,"160":7,"161":7,"162":1,"163":1,"164":1,"165":1,"166":1,"167":3,"168":3,"169":9,"170":3,"171":0,"172":3,"173":3,"174":3,"175":3,"176":0,"177":0,"178":0,"179":0,"180":3,"181":1,"182":1,"183":3,"184":1,"185":1,"186":1,"187":1,"188":1,"189":1,"190":1,"191":1,"192":3,"193":1,"194":1,"195":1,"196":1,"197":1,"198":1,"199":1,"200":1,"201":3,"202":1,"203":1,"204":1,"205":1,"206":1,"207":1,"208":6,"209":6,"210":3,"211":3,"212":21,"213":3,"214":3,"215":3,"216":3,"217":3,"218":3,"219":3,"220":3,"221":3,"222":3,"223":3,"224":3,"225":3,"226":3,"227":30,"228":8,"229":22,"230":20,"231":2,"232":3,"233":3,"234":3},"f":{"0":30,"1":40,"2":0,"3":30,"4":40,"5":0,"6":70,"7":30,"8":40,"9":0,"10":90,"11":70,"12":70,"13":7,"14":7,"15":35,"16":4,"17":30,"18":6,"19":6,"20":12,"21":8,"22":8,"23":18,"24":3,"25":3,"26":9,"27":1,"28":1,"29":3,"30":1,"31":1,"32":3,"33":1,"34":1,"35":3,"36":6,"37":6,"38":3,"39":3,"40":21},"b":{"0":[1,1,1],"1":[40,0],"2":[30,30],"3":[30,40],"4":[30,30],"5":[1,1,1],"6":[0,40],"7":[30,0],"8":[30,30],"9":[0,70],"10":[204,30],"11":[30,0],"12":[0,174],"13":[174,0,0],"14":[0,0],"15":[0,0],"16":[0,0],"17":[0,0],"18":[0,174],"19":[70,70,40,0,0,64],"20":[30,34],"21":[64,64,64],"22":[64,0],"23":[34,0],"24":[34,34,0,0],"25":[0,0],"26":[0,0],"27":[0,0],"28":[0,0],"29":[0,0],"30":[0,30],"31":[30,0],"32":[7,1,6,1,5,1,4,3,1,6],"33":[6,1],"34":[5,1],"35":[4,1],"36":[1,3],"37":[20,20],"38":[0,30],"39":[16,14],"40":[6,6],"41":[8,0,8,1,1,1],"42":[8,0],"43":[1,7],"44":[3,3,0,0,3],"45":[0,3],"46":[1,1,1],"47":[1,1,1],"48":[1,1,1],"49":[3,3,3,3,3,3,3],"50":[8,22],"51":[20,2]},"inputSourceMap":null,"_coverageSchema":"1a1c01bbd47fc00a2c39e90264f33305004495a9","hash":"b471473b733d28370d7b663d4407cce2ea8b87d1"}
,"C:\\Users\\Lowel\\Documents\\GitHub\\Grupp-21\\Game_mechanics\\Game_loop.ts": {"path":"C:\\Users\\Lowel\\Documents\\GitHub\\Grupp-21\\Game_mechanics\\Game_loop.ts","statementMap":{"0":{"start":{"line":24,"column":0},"end":{"line":24,"column":22}},"1":{"start":{"line":58,"column":0},"end":{"line":58,"column":16}},"2":{"start":{"line":99,"column":0},"end":{"line":99,"column":16}},"3":{"start":{"line":145,"column":0},"end":{"line":145,"column":22}},"4":{"start":{"line":4,"column":0},"end":{"line":4,"column":null}},"5":{"start":{"line":7,"column":0},"end":{"line":7,"column":null}},"6":{"start":{"line":15,"column":0},"end":{"line":15,"column":43}},"7":{"start":{"line":16,"column":15},"end":{"line":16,"column":27}},"8":{"start":{"line":25,"column":4},"end":{"line":27,"column":null}},"9":{"start":{"line":28,"column":18},"end":{"line":28,"column":80}},"10":{"start":{"line":29,"column":4},"end":{"line":43,"column":5}},"11":{"start":{"line":30,"column":8},"end":{"line":30,"column":33}},"12":{"start":{"line":32,"column":9},"end":{"line":43,"column":5}},"13":{"start":{"line":33,"column":8},"end":{"line":33,"column":34}},"14":{"start":{"line":35,"column":9},"end":{"line":43,"column":5}},"15":{"start":{"line":36,"column":8},"end":{"line":36,"column":33}},"16":{"start":{"line":38,"column":9},"end":{"line":43,"column":5}},"17":{"start":{"line":39,"column":8},"end":{"line":39,"column":33}},"18":{"start":{"line":42,"column":8},"end":{"line":42,"column":29}},"19":{"start":{"line":47,"column":16},"end":{"line":47,"column":17}},"20":{"start":{"line":60,"column":4},"end":{"line":60,"column":18}},"21":{"start":{"line":62,"column":4},"end":{"line":86,"column":5}},"22":{"start":{"line":62,"column":17},"end":{"line":62,"column":18}},"23":{"start":{"line":63,"column":22},"end":{"line":63,"column":39}},"24":{"start":{"line":64,"column":31},"end":{"line":64,"column":56}},"25":{"start":{"line":65,"column":27},"end":{"line":65,"column":57}},"26":{"start":{"line":67,"column":28},"end":{"line":67,"column":50}},"27":{"start":{"line":69,"column":8},"end":{"line":85,"column":9}},"28":{"start":{"line":70,"column":12},"end":{"line":70,"column":53}},"29":{"start":{"line":71,"column":24},"end":{"line":71,"column":41}},"30":{"start":{"line":72,"column":30},"end":{"line":72,"column":41}},"31":{"start":{"line":73,"column":33},"end":{"line":73,"column":64}},"32":{"start":{"line":74,"column":12},"end":{"line":74,"column":38}},"33":{"start":{"line":75,"column":12},"end":{"line":75,"column":50}},"34":{"start":{"line":78,"column":12},"end":{"line":81,"column":null}},"35":{"start":{"line":82,"column":12},"end":{"line":82,"column":72}},"36":{"start":{"line":83,"column":12},"end":{"line":83,"column":40}},"37":{"start":{"line":102,"column":21},"end":{"line":102,"column":34}},"38":{"start":{"line":103,"column":4},"end":{"line":103,"column":26}},"39":{"start":{"line":103,"column":19},"end":{"line":103,"column":26}},"40":{"start":{"line":105,"column":18},"end":{"line":105,"column":35}},"41":{"start":{"line":106,"column":27},"end":{"line":106,"column":52}},"42":{"start":{"line":108,"column":23},"end":{"line":108,"column":53}},"43":{"start":{"line":109,"column":24},"end":{"line":109,"column":46}},"44":{"start":{"line":111,"column":4},"end":{"line":122,"column":5}},"45":{"start":{"line":112,"column":8},"end":{"line":112,"column":49}},"46":{"start":{"line":113,"column":20},"end":{"line":113,"column":37}},"47":{"start":{"line":114,"column":26},"end":{"line":114,"column":37}},"48":{"start":{"line":115,"column":29},"end":{"line":115,"column":60}},"49":{"start":{"line":116,"column":8},"end":{"line":116,"column":20}},"50":{"start":{"line":117,"column":8},"end":{"line":117,"column":46}},"51":{"start":{"line":119,"column":8},"end":{"line":119,"column":52}},"52":{"start":{"line":120,"column":8},"end":{"line":120,"column":68}},"53":{"start":{"line":121,"column":8},"end":{"line":121,"column":36}},"54":{"start":{"line":132,"column":4},"end":{"line":132,"column":30}},"55":{"start":{"line":133,"column":4},"end":{"line":133,"column":74}},"56":{"start":{"line":134,"column":4},"end":{"line":134,"column":49}},"57":{"start":{"line":135,"column":4},"end":{"line":135,"column":30}},"58":{"start":{"line":136,"column":4},"end":{"line":136,"column":34}},"59":{"start":{"line":146,"column":4},"end":{"line":151,"column":11}},"60":{"start":{"line":152,"column":21},"end":{"line":152,"column":41}},"61":{"start":{"line":154,"column":4},"end":{"line":165,"column":5}},"62":{"start":{"line":155,"column":8},"end":{"line":155,"column":27}},"63":{"start":{"line":157,"column":9},"end":{"line":165,"column":5}},"64":{"start":{"line":158,"column":8},"end":{"line":159,"column":15}},"65":{"start":{"line":160,"column":8},"end":{"line":160,"column":15}},"66":{"start":{"line":163,"column":8},"end":{"line":163,"column":null}},"67":{"start":{"line":164,"column":8},"end":{"line":164,"column":38}},"68":{"start":{"line":179,"column":4},"end":{"line":185,"column":5}},"69":{"start":{"line":180,"column":8},"end":{"line":180,"column":47}},"70":{"start":{"line":181,"column":8},"end":{"line":181,"column":33}},"71":{"start":{"line":183,"column":8},"end":{"line":183,"column":61}},"72":{"start":{"line":184,"column":8},"end":{"line":184,"column":27}},"73":{"start":{"line":195,"column":16},"end":{"line":195,"column":71}},"74":{"start":{"line":196,"column":22},"end":{"line":196,"column":59}},"75":{"start":{"line":197,"column":4},"end":{"line":197,"column":49}},"76":{"start":{"line":207,"column":16},"end":{"line":207,"column":73}},"77":{"start":{"line":208,"column":23},"end":{"line":208,"column":60}},"78":{"start":{"line":209,"column":4},"end":{"line":209,"column":49}},"79":{"start":{"line":219,"column":16},"end":{"line":219,"column":71}},"80":{"start":{"line":220,"column":23},"end":{"line":220,"column":60}},"81":{"start":{"line":221,"column":4},"end":{"line":221,"column":49}},"82":{"start":{"line":230,"column":4},"end":{"line":230,"column":59}},"83":{"start":{"line":230,"column":34},"end":{"line":230,"column":57}},"84":{"start":{"line":242,"column":17},"end":{"line":242,"column":106}},"85":{"start":{"line":243,"column":4},"end":{"line":243,"column":67}},"86":{"start":{"line":244,"column":8},"end":{"line":244,"column":26}},"87":{"start":{"line":245,"column":4},"end":{"line":245,"column":50}},"88":{"start":{"line":246,"column":18},"end":{"line":246,"column":109}},"89":{"start":{"line":247,"column":8},"end":{"line":247,"column":26}},"90":{"start":{"line":248,"column":17},"end":{"line":248,"column":106}},"91":{"start":{"line":249,"column":4},"end":{"line":249,"column":18}},"92":{"start":{"line":250,"column":8},"end":{"line":256,"column":1}},"93":{"start":{"line":250,"column":21},"end":{"line":250,"column":22}},"94":{"start":{"line":251,"column":12},"end":{"line":255,"column":54}},"95":{"start":{"line":252,"column":14},"end":{"line":252,"column":null}},"96":{"start":{"line":253,"column":17},"end":{"line":255,"column":54}},"97":{"start":{"line":254,"column":14},"end":{"line":254,"column":null}},"98":{"start":{"line":255,"column":19},"end":{"line":255,"column":54}},"99":{"start":{"line":257,"column":4},"end":{"line":257,"column":29}}},"fnMap":{"0":{"name":"game","decl":{"start":{"line":24,"column":22},"end":{"line":24,"column":26}},"loc":{"start":{"line":24,"column":47},"end":{"line":44,"column":null}}},"1":{"name":"question_loop","decl":{"start":{"line":58,"column":16},"end":{"line":58,"column":29}},"loc":{"start":{"line":58,"column":86},"end":{"line":87,"column":1}}},"2":{"name":"compquestion_loop","decl":{"start":{"line":99,"column":16},"end":{"line":99,"column":33}},"loc":{"start":{"line":99,"column":85},"end":{"line":123,"column":1}}},"3":{"name":"end_screen","decl":{"start":{"line":131,"column":15},"end":{"line":131,"column":25}},"loc":{"start":{"line":131,"column":40},"end":{"line":137,"column":null}}},"4":{"name":"end_screen_menu","decl":{"start":{"line":145,"column":22},"end":{"line":145,"column":37}},"loc":{"start":{"line":145,"column":52},"end":{"line":166,"column":null}}},"5":{"name":"start_quiz_round","decl":{"start":{"line":178,"column":15},"end":{"line":178,"column":31}},"loc":{"start":{"line":178,"column":92},"end":{"line":186,"column":null}}},"6":{"name":"svår","decl":{"start":{"line":194,"column":15},"end":{"line":194,"column":19}},"loc":{"start":{"line":194,"column":34},"end":{"line":198,"column":null}}},"7":{"name":"medel","decl":{"start":{"line":206,"column":15},"end":{"line":206,"column":20}},"loc":{"start":{"line":206,"column":35},"end":{"line":210,"column":null}}},"8":{"name":"lätt","decl":{"start":{"line":218,"column":15},"end":{"line":218,"column":19}},"loc":{"start":{"line":218,"column":34},"end":{"line":222,"column":null}}},"9":{"name":"sleep","decl":{"start":{"line":229,"column":9},"end":{"line":229,"column":14}},"loc":{"start":{"line":229,"column":25},"end":{"line":231,"column":1}}},"10":{"name":"(anonymous_24)","decl":{"start":{"line":230,"column":23},"end":{"line":230,"column":30}},"loc":{"start":{"line":230,"column":34},"end":{"line":230,"column":57}}},"11":{"name":"comp","decl":{"start":{"line":241,"column":15},"end":{"line":241,"column":19}},"loc":{"start":{"line":241,"column":34},"end":{"line":258,"column":null}}}},"branchMap":{"0":{"loc":{"start":{"line":29,"column":4},"end":{"line":43,"column":5}},"type":"if","locations":[{"start":{"line":29,"column":4},"end":{"line":43,"column":5}},{"start":{"line":32,"column":9},"end":{"line":43,"column":5}}]},"1":{"loc":{"start":{"line":32,"column":9},"end":{"line":43,"column":5}},"type":"if","locations":[{"start":{"line":32,"column":9},"end":{"line":43,"column":5}},{"start":{"line":35,"column":9},"end":{"line":43,"column":5}}]},"2":{"loc":{"start":{"line":35,"column":9},"end":{"line":43,"column":5}},"type":"if","locations":[{"start":{"line":35,"column":9},"end":{"line":43,"column":5}},{"start":{"line":38,"column":9},"end":{"line":43,"column":5}}]},"3":{"loc":{"start":{"line":38,"column":9},"end":{"line":43,"column":5}},"type":"if","locations":[{"start":{"line":38,"column":9},"end":{"line":43,"column":5}},{"start":{"line":41,"column":9},"end":{"line":43,"column":5}}]},"4":{"loc":{"start":{"line":69,"column":8},"end":{"line":85,"column":9}},"type":"if","locations":[{"start":{"line":69,"column":8},"end":{"line":85,"column":9}},{"start":{"line":77,"column":13},"end":{"line":85,"column":9}}]},"5":{"loc":{"start":{"line":103,"column":4},"end":{"line":103,"column":26}},"type":"if","locations":[{"start":{"line":103,"column":4},"end":{"line":103,"column":26}},{"start":{},"end":{}}]},"6":{"loc":{"start":{"line":111,"column":4},"end":{"line":122,"column":5}},"type":"if","locations":[{"start":{"line":111,"column":4},"end":{"line":122,"column":5}},{"start":{"line":118,"column":11},"end":{"line":122,"column":5}}]},"7":{"loc":{"start":{"line":154,"column":4},"end":{"line":165,"column":5}},"type":"if","locations":[{"start":{"line":154,"column":4},"end":{"line":165,"column":5}},{"start":{"line":157,"column":9},"end":{"line":165,"column":5}}]},"8":{"loc":{"start":{"line":157,"column":9},"end":{"line":165,"column":5}},"type":"if","locations":[{"start":{"line":157,"column":9},"end":{"line":165,"column":5}},{"start":{"line":162,"column":9},"end":{"line":165,"column":5}}]},"9":{"loc":{"start":{"line":179,"column":4},"end":{"line":185,"column":5}},"type":"if","locations":[{"start":{"line":179,"column":4},"end":{"line":185,"column":5}},{"start":{"line":182,"column":11},"end":{"line":185,"column":5}}]},"10":{"loc":{"start":{"line":251,"column":12},"end":{"line":255,"column":54}},"type":"if","locations":[{"start":{"line":251,"column":12},"end":{"line":255,"column":54}},{"start":{"line":253,"column":17},"end":{"line":255,"column":54}}]},"11":{"loc":{"start":{"line":253,"column":17},"end":{"line":255,"column":54}},"type":"if","locations":[{"start":{"line":253,"column":17},"end":{"line":255,"column":54}},{"start":{"line":255,"column":17},"end":{"line":255,"column":54}}]}},"s":{"0":0,"1":0,"2":0,"3":0,"4":0,"5":0,"6":0,"7":0,"8":0,"9":0,"10":0,"11":0,"12":0,"13":0,"14":0,"15":0,"16":0,"17":0,"18":0,"19":0,"20":0,"21":0,"22":0,"23":0,"24":0,"25":0,"26":0,"27":0,"28":0,"29":0,"30":0,"31":0,"32":0,"33":0,"34":0,"35":0,"36":0,"37":0,"38":0,"39":0,"40":0,"41":0,"42":0,"43":0,"44":0,"45":0,"46":0,"47":0,"48":0,"49":0,"50":0,"51":0,"52":0,"53":0,"54":0,"55":0,"56":0,"57":0,"58":0,"59":0,"60":0,"61":0,"62":0,"63":0,"64":0,"65":0,"66":0,"67":0,"68":0,"69":0,"70":0,"71":0,"72":0,"73":0,"74":0,"75":0,"76":0,"77":0,"78":0,"79":0,"80":0,"81":0,"82":0,"83":0,"84":0,"85":0,"86":0,"87":0,"88":0,"89":0,"90":0,"91":0,"92":0,"93":0,"94":0,"95":0,"96":0,"97":0,"98":0,"99":0},"f":{"0":0,"1":0,"2":0,"3":0,"4":0,"5":0,"6":0,"7":0,"8":0,"9":0,"10":0,"11":0},"b":{"0":[0,0],"1":[0,0],"2":[0,0],"3":[0,0],"4":[0,0],"5":[0,0],"6":[0,0],"7":[0,0],"8":[0,0],"9":[0,0],"10":[0,0],"11":[0,0]}}
,"C:\\Users\\Lowel\\Documents\\GitHub\\Grupp-21\\Game_mechanics\\create_question.ts": {"path":"C:\\Users\\Lowel\\Documents\\GitHub\\Grupp-21\\Game_mechanics\\create_question.ts","statementMap":{"0":{"start":{"line":9,"column":0},"end":{"line":9,"column":16}},"1":{"start":{"line":25,"column":0},"end":{"line":25,"column":22}},"2":{"start":{"line":39,"column":0},"end":{"line":39,"column":16}},"3":{"start":{"line":1,"column":0},"end":{"line":1,"column":57}},"4":{"start":{"line":10,"column":4},"end":{"line":15,"column":31}},"5":{"start":{"line":26,"column":25},"end":{"line":26,"column":53}},"6":{"start":{"line":28,"column":47},"end":{"line":28,"column":67}},"7":{"start":{"line":30,"column":4},"end":{"line":30,"column":25}},"8":{"start":{"line":40,"column":4},"end":{"line":40,"column":18}},"9":{"start":{"line":41,"column":4},"end":{"line":41,"column":30}},"10":{"start":{"line":42,"column":4},"end":{"line":42,"column":62}},"11":{"start":{"line":43,"column":4},"end":{"line":43,"column":70}},"12":{"start":{"line":44,"column":4},"end":{"line":44,"column":59}},"13":{"start":{"line":45,"column":4},"end":{"line":45,"column":null}},"14":{"start":{"line":46,"column":4},"end":{"line":46,"column":36}},"15":{"start":{"line":48,"column":24},"end":{"line":51,"column":6}},"16":{"start":{"line":53,"column":29},"end":{"line":53,"column":72}},"17":{"start":{"line":53,"column":52},"end":{"line":53,"column":71}},"18":{"start":{"line":55,"column":4},"end":{"line":57,"column":7}},"19":{"start":{"line":56,"column":8},"end":{"line":56,"column":47}},"20":{"start":{"line":59,"column":4},"end":{"line":59,"column":30}},"21":{"start":{"line":61,"column":4},"end":{"line":61,"column":77}}},"fnMap":{"0":{"name":"decodeHtml","decl":{"start":{"line":9,"column":16},"end":{"line":9,"column":26}},"loc":{"start":{"line":9,"column":39},"end":{"line":16,"column":1}}},"1":{"name":"collect_questions_from_API","decl":{"start":{"line":25,"column":22},"end":{"line":25,"column":48}},"loc":{"start":{"line":25,"column":64},"end":{"line":31,"column":null}}},"2":{"name":"Create_question","decl":{"start":{"line":39,"column":16},"end":{"line":39,"column":31}},"loc":{"start":{"line":39,"column":54},"end":{"line":62,"column":1}}},"3":{"name":"(anonymous_11)","decl":{"start":{"line":53,"column":46},"end":{"line":53,"column":49}},"loc":{"start":{"line":53,"column":52},"end":{"line":53,"column":71}}},"4":{"name":"(anonymous_12)","decl":{"start":{"line":55,"column":29},"end":{"line":55,"column":30}},"loc":{"start":{"line":55,"column":63},"end":{"line":57,"column":5}}}},"branchMap":{},"s":{"0":2,"1":2,"2":2,"3":2,"4":428,"5":13,"6":13,"7":13,"8":71,"9":71,"10":71,"11":71,"12":71,"13":71,"14":71,"15":71,"16":71,"17":71,"18":71,"19":142,"20":71,"21":71},"f":{"0":428,"1":13,"2":71,"3":71,"4":142},"b":{}}
,"C:\\Users\\Lowel\\Documents\\GitHub\\Grupp-21\\Game_mechanics\\login.ts": {"path":"C:\\Users\\Lowel\\Documents\\GitHub\\Grupp-21\\Game_mechanics\\login.ts","statementMap":{"0":{"start":{"line":44,"column":0},"end":{"line":44,"column":16}},"1":{"start":{"line":79,"column":0},"end":{"line":79,"column":16}},"2":{"start":{"line":1,"column":0},"end":{"line":1,"column":null}},"3":{"start":{"line":9,"column":0},"end":{"line":9,"column":43}},"4":{"start":{"line":10,"column":15},"end":{"line":10,"column":27}},"5":{"start":{"line":19,"column":25},"end":{"line":25,"column":1}},"6":{"start":{"line":20,"column":14},"end":{"line":20,"column":15}},"7":{"start":{"line":21,"column":3},"end":{"line":23,"column":4}},"8":{"start":{"line":21,"column":16},"end":{"line":21,"column":17}},"9":{"start":{"line":22,"column":8},"end":{"line":22,"column":45}},"10":{"start":{"line":24,"column":3},"end":{"line":24,"column":15}},"11":{"start":{"line":19,"column":13},"end":{"line":19,"column":25}},"12":{"start":{"line":30,"column":11},"end":{"line":30,"column":71}},"13":{"start":{"line":35,"column":12},"end":{"line":35,"column":13}},"14":{"start":{"line":46,"column":22},"end":{"line":46,"column":46}},"15":{"start":{"line":47,"column":3},"end":{"line":71,"column":1}},"16":{"start":{"line":48,"column":21},"end":{"line":48,"column":61}},"17":{"start":{"line":49,"column":7},"end":{"line":67,"column":8}},"18":{"start":{"line":50,"column":30},"end":{"line":50,"column":50}},"19":{"start":{"line":51,"column":11},"end":{"line":61,"column":12}},"20":{"start":{"line":52,"column":15},"end":{"line":53,"column":null}},"21":{"start":{"line":54,"column":15},"end":{"line":54,"column":25}},"22":{"start":{"line":55,"column":15},"end":{"line":55,"column":30}},"23":{"start":{"line":58,"column":15},"end":{"line":58,"column":null}},"24":{"start":{"line":59,"column":15},"end":{"line":59,"column":33}},"25":{"start":{"line":60,"column":15},"end":{"line":60,"column":30}},"26":{"start":{"line":65,"column":11},"end":{"line":65,"column":61}},"27":{"start":{"line":66,"column":11},"end":{"line":66,"column":31}},"28":{"start":{"line":70,"column":7},"end":{"line":70,"column":47}},"29":{"start":{"line":71,"column":2},"end":{"line":71,"column":14}},"30":{"start":{"line":80,"column":20},"end":{"line":80,"column":54}},"31":{"start":{"line":81,"column":20},"end":{"line":81,"column":50}},"32":{"start":{"line":82,"column":3},"end":{"line":94,"column":4}},"33":{"start":{"line":83,"column":35},"end":{"line":87,"column":null}},"34":{"start":{"line":88,"column":7},"end":{"line":88,"column":56}},"35":{"start":{"line":89,"column":7},"end":{"line":89,"column":25}},"36":{"start":{"line":92,"column":7},"end":{"line":92,"column":60}},"37":{"start":{"line":93,"column":7},"end":{"line":93,"column":19}}},"fnMap":{"0":{"name":"(anonymous_0)","decl":{"start":{"line":19,"column":25},"end":{"line":19,"column":26}},"loc":{"start":{"line":19,"column":49},"end":{"line":25,"column":1}}},"1":{"name":"login","decl":{"start":{"line":44,"column":16},"end":{"line":44,"column":21}},"loc":{"start":{"line":44,"column":21},"end":{"line":72,"column":1}}},"2":{"name":"add_player","decl":{"start":{"line":79,"column":16},"end":{"line":79,"column":26}},"loc":{"start":{"line":79,"column":26},"end":{"line":95,"column":1}}}},"branchMap":{"0":{"loc":{"start":{"line":47,"column":3},"end":{"line":71,"column":1}},"type":"if","locations":[{"start":{"line":47,"column":3},"end":{"line":71,"column":1}},{"start":{"line":69,"column":8},"end":{"line":71,"column":1}}]},"1":{"loc":{"start":{"line":47,"column":7},"end":{"line":47,"column":41}},"type":"binary-expr","locations":[{"start":{"line":47,"column":7},"end":{"line":47,"column":28}},{"start":{"line":47,"column":32},"end":{"line":47,"column":41}}]},"2":{"loc":{"start":{"line":49,"column":7},"end":{"line":67,"column":8}},"type":"if","locations":[{"start":{"line":49,"column":7},"end":{"line":67,"column":8}},{"start":{"line":64,"column":12},"end":{"line":67,"column":8}}]},"3":{"loc":{"start":{"line":51,"column":11},"end":{"line":61,"column":12}},"type":"if","locations":[{"start":{"line":51,"column":11},"end":{"line":61,"column":12}},{"start":{"line":57,"column":16},"end":{"line":61,"column":12}}]},"4":{"loc":{"start":{"line":82,"column":3},"end":{"line":94,"column":4}},"type":"if","locations":[{"start":{"line":82,"column":3},"end":{"line":94,"column":4}},{"start":{"line":91,"column":8},"end":{"line":94,"column":4}}]},"5":{"loc":{"start":{"line":82,"column":7},"end":{"line":82,"column":45}},"type":"binary-expr","locations":[{"start":{"line":82,"column":7},"end":{"line":82,"column":24}},{"start":{"line":82,"column":28},"end":{"line":82,"column":45}}]}},"s":{"0":1,"1":1,"2":1,"3":1,"4":1,"5":1,"6":7,"7":7,"8":7,"9":38,"10":7,"11":1,"12":1,"13":1,"14":4,"15":4,"16":2,"17":2,"18":2,"19":2,"20":1,"21":1,"22":1,"23":1,"24":1,"25":1,"26":0,"27":0,"28":2,"29":2,"30":2,"31":2,"32":2,"33":1,"34":1,"35":1,"36":1,"37":1},"f":{"0":7,"1":4,"2":2},"b":{"0":[2,2],"1":[4,2],"2":[2,0],"3":[1,1],"4":[1,1],"5":[2,1]}}
}
