{"C:\\Users\\Lowel\\Documents\\GitHub\\Grupp-21\\Game_mechanics\\Elo.js": {"path":"C:\\Users\\Lowel\\Documents\\GitHub\\Grupp-21\\Game_mechanics\\Elo.js","statementMap":{"0":{"start":{"line":2,"column":0},"end":{"line":2,"column":62}},"1":{"start":{"line":3,"column":0},"end":{"line":3,"column":18}},"2":{"start":{"line":17,"column":15},"end":{"line":17,"column":30}},"3":{"start":{"line":18,"column":20},"end":{"line":18,"column":60}},"4":{"start":{"line":19,"column":4},"end":{"line":24,"column":5}},"5":{"start":{"line":20,"column":8},"end":{"line":20,"column":39}},"6":{"start":{"line":23,"column":8},"end":{"line":23,"column":52}},"7":{"start":{"line":25,"column":4},"end":{"line":25,"column":18}}},"fnMap":{"0":{"name":"elo","decl":{"start":{"line":15,"column":9},"end":{"line":15,"column":12}},"loc":{"start":{"line":15,"column":47},"end":{"line":26,"column":1}},"line":15}},"branchMap":{"0":{"loc":{"start":{"line":19,"column":4},"end":{"line":24,"column":5}},"type":"if","locations":[{"start":{"line":19,"column":4},"end":{"line":24,"column":5}},{"start":{"line":22,"column":9},"end":{"line":24,"column":5}}],"line":19}},"s":{"0":1,"1":1,"2":2,"3":2,"4":2,"5":1,"6":1,"7":2},"f":{"0":2},"b":{"0":[1,1]},"inputSourceMap":null,"_coverageSchema":"1a1c01bbd47fc00a2c39e90264f33305004495a9","hash":"acd192092a878cde8f4692c42c51452b2f52b4cc"}
,"C:\\Users\\Lowel\\Documents\\GitHub\\Grupp-21\\Game_mechanics\\login.js": {"path":"C:\\Users\\Lowel\\Documents\\GitHub\\Grupp-21\\Game_mechanics\\login.js","statementMap":{"0":{"start":{"line":2,"column":0},"end":{"line":2,"column":62}},"1":{"start":{"line":3,"column":0},"end":{"line":3,"column":53}},"2":{"start":{"line":4,"column":0},"end":{"line":4,"column":22}},"3":{"start":{"line":5,"column":0},"end":{"line":5,"column":32}},"4":{"start":{"line":6,"column":19},"end":{"line":6,"column":47}},"5":{"start":{"line":8,"column":17},"end":{"line":8,"column":39}},"6":{"start":{"line":9,"column":13},"end":{"line":9,"column":25}},"7":{"start":{"line":17,"column":16},"end":{"line":23,"column":1}},"8":{"start":{"line":18,"column":15},"end":{"line":18,"column":16}},"9":{"start":{"line":19,"column":4},"end":{"line":21,"column":5}},"10":{"start":{"line":19,"column":17},"end":{"line":19,"column":18}},"11":{"start":{"line":20,"column":8},"end":{"line":20,"column":45}},"12":{"start":{"line":22,"column":4},"end":{"line":22,"column":16}},"13":{"start":{"line":24,"column":0},"end":{"line":24,"column":30}},"14":{"start":{"line":28,"column":0},"end":{"line":28,"column":78}},"15":{"start":{"line":32,"column":12},"end":{"line":32,"column":13}},"16":{"start":{"line":42,"column":23},"end":{"line":42,"column":47}},"17":{"start":{"line":43,"column":4},"end":{"line":65,"column":5}},"18":{"start":{"line":44,"column":22},"end":{"line":44,"column":88}},"19":{"start":{"line":45,"column":8},"end":{"line":61,"column":9}},"20":{"start":{"line":46,"column":31},"end":{"line":46,"column":51}},"21":{"start":{"line":47,"column":12},"end":{"line":56,"column":13}},"22":{"start":{"line":48,"column":16},"end":{"line":48,"column":74}},"23":{"start":{"line":49,"column":16},"end":{"line":49,"column":26}},"24":{"start":{"line":50,"column":16},"end":{"line":50,"column":31}},"25":{"start":{"line":53,"column":16},"end":{"line":53,"column":44}},"26":{"start":{"line":54,"column":16},"end":{"line":54,"column":34}},"27":{"start":{"line":55,"column":16},"end":{"line":55,"column":31}},"28":{"start":{"line":59,"column":12},"end":{"line":59,"column":62}},"29":{"start":{"line":60,"column":12},"end":{"line":60,"column":32}},"30":{"start":{"line":64,"column":8},"end":{"line":64,"column":48}},"31":{"start":{"line":66,"column":4},"end":{"line":66,"column":16}},"32":{"start":{"line":74,"column":19},"end":{"line":74,"column":53}},"33":{"start":{"line":75,"column":19},"end":{"line":75,"column":49}},"34":{"start":{"line":76,"column":4},"end":{"line":88,"column":5}},"35":{"start":{"line":77,"column":25},"end":{"line":81,"column":9}},"36":{"start":{"line":82,"column":8},"end":{"line":82,"column":83}},"37":{"start":{"line":83,"column":8},"end":{"line":83,"column":26}},"38":{"start":{"line":86,"column":8},"end":{"line":86,"column":61}},"39":{"start":{"line":87,"column":8},"end":{"line":87,"column":20}}},"fnMap":{"0":{"name":"(anonymous_0)","decl":{"start":{"line":17,"column":16},"end":{"line":17,"column":17}},"loc":{"start":{"line":17,"column":31},"end":{"line":23,"column":1}},"line":17},"1":{"name":"login","decl":{"start":{"line":40,"column":9},"end":{"line":40,"column":14}},"loc":{"start":{"line":40,"column":17},"end":{"line":67,"column":1}},"line":40},"2":{"name":"add_player","decl":{"start":{"line":73,"column":9},"end":{"line":73,"column":19}},"loc":{"start":{"line":73,"column":22},"end":{"line":89,"column":1}},"line":73}},"branchMap":{"0":{"loc":{"start":{"line":43,"column":4},"end":{"line":65,"column":5}},"type":"if","locations":[{"start":{"line":43,"column":4},"end":{"line":65,"column":5}},{"start":{"line":63,"column":9},"end":{"line":65,"column":5}}],"line":43},"1":{"loc":{"start":{"line":43,"column":8},"end":{"line":43,"column":42}},"type":"binary-expr","locations":[{"start":{"line":43,"column":8},"end":{"line":43,"column":29}},{"start":{"line":43,"column":33},"end":{"line":43,"column":42}}],"line":43},"2":{"loc":{"start":{"line":45,"column":8},"end":{"line":61,"column":9}},"type":"if","locations":[{"start":{"line":45,"column":8},"end":{"line":61,"column":9}},{"start":{"line":58,"column":13},"end":{"line":61,"column":9}}],"line":45},"3":{"loc":{"start":{"line":47,"column":12},"end":{"line":56,"column":13}},"type":"if","locations":[{"start":{"line":47,"column":12},"end":{"line":56,"column":13}},{"start":{"line":52,"column":17},"end":{"line":56,"column":13}}],"line":47},"4":{"loc":{"start":{"line":76,"column":4},"end":{"line":88,"column":5}},"type":"if","locations":[{"start":{"line":76,"column":4},"end":{"line":88,"column":5}},{"start":{"line":85,"column":9},"end":{"line":88,"column":5}}],"line":76},"5":{"loc":{"start":{"line":76,"column":8},"end":{"line":76,"column":46}},"type":"binary-expr","locations":[{"start":{"line":76,"column":8},"end":{"line":76,"column":25}},{"start":{"line":76,"column":29},"end":{"line":76,"column":46}}],"line":76}},"s":{"0":1,"1":1,"2":1,"3":1,"4":1,"5":1,"6":1,"7":1,"8":8,"9":8,"10":8,"11":28,"12":8,"13":1,"14":1,"15":1,"16":0,"17":0,"18":0,"19":0,"20":0,"21":0,"22":0,"23":0,"24":0,"25":0,"26":0,"27":0,"28":0,"29":0,"30":0,"31":0,"32":0,"33":0,"34":0,"35":0,"36":0,"37":0,"38":0,"39":0},"f":{"0":8,"1":0,"2":0},"b":{"0":[0,0],"1":[0,0],"2":[0,0],"3":[0,0],"4":[0,0],"5":[0,0]},"inputSourceMap":null,"_coverageSchema":"1a1c01bbd47fc00a2c39e90264f33305004495a9","hash":"5ef7e10151f4bb85cdfb239fbfda4b703bd27193"}
,"C:\\Users\\Lowel\\Documents\\GitHub\\Grupp-21\\lib\\hashtables.js": {"path":"C:\\Users\\Lowel\\Documents\\GitHub\\Grupp-21\\lib\\hashtables.js","statementMap":{"0":{"start":{"line":2,"column":0},"end":{"line":2,"column":62}},"1":{"start":{"line":3,"column":0},"end":{"line":3,"column":25}},"2":{"start":{"line":4,"column":0},"end":{"line":4,"column":28}},"3":{"start":{"line":5,"column":0},"end":{"line":5,"column":30}},"4":{"start":{"line":6,"column":0},"end":{"line":6,"column":30}},"5":{"start":{"line":7,"column":0},"end":{"line":7,"column":30}},"6":{"start":{"line":8,"column":0},"end":{"line":8,"column":26}},"7":{"start":{"line":9,"column":0},"end":{"line":9,"column":28}},"8":{"start":{"line":10,"column":0},"end":{"line":10,"column":30}},"9":{"start":{"line":11,"column":0},"end":{"line":11,"column":30}},"10":{"start":{"line":12,"column":0},"end":{"line":12,"column":30}},"11":{"start":{"line":13,"column":0},"end":{"line":13,"column":26}},"12":{"start":{"line":14,"column":13},"end":{"line":14,"column":30}},"13":{"start":{"line":21,"column":14},"end":{"line":21,"column":44}},"14":{"start":{"line":21,"column":31},"end":{"line":21,"column":42}},"15":{"start":{"line":22,"column":0},"end":{"line":22,"column":26}},"16":{"start":{"line":33,"column":14},"end":{"line":33,"column":29}},"17":{"start":{"line":34,"column":4},"end":{"line":36,"column":5}},"18":{"start":{"line":34,"column":17},"end":{"line":34,"column":18}},"19":{"start":{"line":35,"column":8},"end":{"line":35,"column":22}},"20":{"start":{"line":37,"column":4},"end":{"line":37,"column":36}},"21":{"start":{"line":48,"column":4},"end":{"line":52,"column":46}},"22":{"start":{"line":56,"column":4},"end":{"line":56,"column":47}},"23":{"start":{"line":67,"column":14},"end":{"line":67,"column":20}},"24":{"start":{"line":67,"column":29},"end":{"line":67,"column":36}},"25":{"start":{"line":68,"column":4},"end":{"line":68,"column":54}},"26":{"start":{"line":81,"column":14},"end":{"line":81,"column":20}},"27":{"start":{"line":81,"column":29},"end":{"line":81,"column":36}},"28":{"start":{"line":82,"column":16},"end":{"line":82,"column":42}},"29":{"start":{"line":83,"column":4},"end":{"line":90,"column":5}},"30":{"start":{"line":84,"column":8},"end":{"line":84,"column":80}},"31":{"start":{"line":85,"column":8},"end":{"line":85,"column":21}},"32":{"start":{"line":88,"column":8},"end":{"line":88,"column":141}},"33":{"start":{"line":88,"column":53},"end":{"line":88,"column":125}},"34":{"start":{"line":89,"column":8},"end":{"line":89,"column":20}},"35":{"start":{"line":101,"column":14},"end":{"line":101,"column":20}},"36":{"start":{"line":101,"column":29},"end":{"line":101,"column":36}},"37":{"start":{"line":102,"column":16},"end":{"line":102,"column":42}},"38":{"start":{"line":103,"column":4},"end":{"line":109,"column":5}},"39":{"start":{"line":104,"column":8},"end":{"line":104,"column":21}},"40":{"start":{"line":107,"column":8},"end":{"line":107,"column":108}},"41":{"start":{"line":107,"column":56},"end":{"line":107,"column":92}},"42":{"start":{"line":108,"column":8},"end":{"line":108,"column":20}},"43":{"start":{"line":119,"column":4},"end":{"line":119,"column":138}},"44":{"start":{"line":119,"column":98},"end":{"line":119,"column":116}},"45":{"start":{"line":131,"column":4},"end":{"line":136,"column":6}},"46":{"start":{"line":140,"column":4},"end":{"line":148,"column":5}},"47":{"start":{"line":140,"column":17},"end":{"line":140,"column":18}},"48":{"start":{"line":141,"column":18},"end":{"line":141,"column":42}},"49":{"start":{"line":142,"column":8},"end":{"line":143,"column":23}},"50":{"start":{"line":143,"column":12},"end":{"line":143,"column":23}},"51":{"start":{"line":144,"column":8},"end":{"line":145,"column":23}},"52":{"start":{"line":145,"column":12},"end":{"line":145,"column":23}},"53":{"start":{"line":146,"column":8},"end":{"line":147,"column":23}},"54":{"start":{"line":147,"column":12},"end":{"line":147,"column":23}},"55":{"start":{"line":149,"column":4},"end":{"line":149,"column":21}},"56":{"start":{"line":160,"column":20},"end":{"line":160,"column":32}},"57":{"start":{"line":161,"column":14},"end":{"line":161,"column":65}},"58":{"start":{"line":162,"column":4},"end":{"line":162,"column":58}},"59":{"start":{"line":175,"column":20},"end":{"line":175,"column":32}},"60":{"start":{"line":176,"column":14},"end":{"line":176,"column":72}},"61":{"start":{"line":177,"column":4},"end":{"line":200,"column":5}},"62":{"start":{"line":178,"column":8},"end":{"line":178,"column":21}},"63":{"start":{"line":181,"column":8},"end":{"line":187,"column":9}},"64":{"start":{"line":183,"column":26},"end":{"line":183,"column":72}},"65":{"start":{"line":184,"column":12},"end":{"line":186,"column":13}},"66":{"start":{"line":185,"column":16},"end":{"line":185,"column":30}},"67":{"start":{"line":188,"column":8},"end":{"line":196,"column":9}},"68":{"start":{"line":190,"column":12},"end":{"line":195,"column":13}},"69":{"start":{"line":191,"column":16},"end":{"line":191,"column":29}},"70":{"start":{"line":194,"column":16},"end":{"line":194,"column":32}},"71":{"start":{"line":197,"column":8},"end":{"line":197,"column":27}},"72":{"start":{"line":198,"column":8},"end":{"line":198,"column":31}},"73":{"start":{"line":199,"column":8},"end":{"line":199,"column":20}},"74":{"start":{"line":211,"column":20},"end":{"line":211,"column":32}},"75":{"start":{"line":212,"column":14},"end":{"line":212,"column":66}},"76":{"start":{"line":213,"column":4},"end":{"line":222,"column":5}},"77":{"start":{"line":214,"column":8},"end":{"line":214,"column":25}},"78":{"start":{"line":217,"column":8},"end":{"line":217,"column":24}},"79":{"start":{"line":218,"column":20},"end":{"line":218,"column":34}},"80":{"start":{"line":219,"column":8},"end":{"line":219,"column":28}},"81":{"start":{"line":220,"column":8},"end":{"line":220,"column":35}},"82":{"start":{"line":221,"column":8},"end":{"line":221,"column":21}},"83":{"start":{"line":231,"column":4},"end":{"line":242,"column":5}},"84":{"start":{"line":232,"column":8},"end":{"line":232,"column":20}},"85":{"start":{"line":235,"column":16},"end":{"line":235,"column":36}},"86":{"start":{"line":236,"column":8},"end":{"line":241,"column":9}},"87":{"start":{"line":237,"column":12},"end":{"line":237,"column":53}},"88":{"start":{"line":240,"column":12},"end":{"line":240,"column":74}},"89":{"start":{"line":252,"column":4},"end":{"line":252,"column":102}},"90":{"start":{"line":252,"column":61},"end":{"line":252,"column":80}}},"fnMap":{"0":{"name":"(anonymous_0)","decl":{"start":{"line":21,"column":14},"end":{"line":21,"column":15}},"loc":{"start":{"line":21,"column":29},"end":{"line":21,"column":44}},"line":21},"1":{"name":"ch_empty","decl":{"start":{"line":32,"column":9},"end":{"line":32,"column":17}},"loc":{"start":{"line":32,"column":30},"end":{"line":38,"column":1}},"line":32},"2":{"name":"scan","decl":{"start":{"line":47,"column":9},"end":{"line":47,"column":13}},"loc":{"start":{"line":47,"column":23},"end":{"line":53,"column":1}},"line":47},"3":{"name":"mod","decl":{"start":{"line":55,"column":9},"end":{"line":55,"column":12}},"loc":{"start":{"line":55,"column":27},"end":{"line":57,"column":1}},"line":55},"4":{"name":"ch_lookup","decl":{"start":{"line":66,"column":9},"end":{"line":66,"column":18}},"loc":{"start":{"line":66,"column":28},"end":{"line":69,"column":1}},"line":66},"5":{"name":"ch_insert","decl":{"start":{"line":80,"column":9},"end":{"line":80,"column":18}},"loc":{"start":{"line":80,"column":35},"end":{"line":91,"column":1}},"line":80},"6":{"name":"(anonymous_6)","decl":{"start":{"line":88,"column":37},"end":{"line":88,"column":38}},"loc":{"start":{"line":88,"column":51},"end":{"line":88,"column":127}},"line":88},"7":{"name":"ch_delete","decl":{"start":{"line":100,"column":9},"end":{"line":100,"column":18}},"loc":{"start":{"line":100,"column":28},"end":{"line":110,"column":1}},"line":100},"8":{"name":"(anonymous_8)","decl":{"start":{"line":107,"column":40},"end":{"line":107,"column":41}},"loc":{"start":{"line":107,"column":54},"end":{"line":107,"column":94}},"line":107},"9":{"name":"ch_keys","decl":{"start":{"line":118,"column":9},"end":{"line":118,"column":16}},"loc":{"start":{"line":118,"column":22},"end":{"line":120,"column":1}},"line":118},"10":{"name":"(anonymous_10)","decl":{"start":{"line":119,"column":83},"end":{"line":119,"column":84}},"loc":{"start":{"line":119,"column":96},"end":{"line":119,"column":118}},"line":119},"11":{"name":"ph_empty","decl":{"start":{"line":130,"column":9},"end":{"line":130,"column":17}},"loc":{"start":{"line":130,"column":39},"end":{"line":137,"column":1}},"line":130},"12":{"name":"probe","decl":{"start":{"line":139,"column":9},"end":{"line":139,"column":14}},"loc":{"start":{"line":139,"column":43},"end":{"line":150,"column":1}},"line":139},"13":{"name":"ph_lookup","decl":{"start":{"line":159,"column":9},"end":{"line":159,"column":18}},"loc":{"start":{"line":159,"column":28},"end":{"line":163,"column":1}},"line":159},"14":{"name":"ph_insert","decl":{"start":{"line":174,"column":9},"end":{"line":174,"column":18}},"loc":{"start":{"line":174,"column":35},"end":{"line":201,"column":1}},"line":174},"15":{"name":"ph_delete","decl":{"start":{"line":210,"column":9},"end":{"line":210,"column":18}},"loc":{"start":{"line":210,"column":28},"end":{"line":223,"column":1}},"line":210},"16":{"name":"filterNulls","decl":{"start":{"line":230,"column":9},"end":{"line":230,"column":20}},"loc":{"start":{"line":230,"column":25},"end":{"line":243,"column":1}},"line":230},"17":{"name":"ph_keys","decl":{"start":{"line":251,"column":9},"end":{"line":251,"column":16}},"loc":{"start":{"line":251,"column":22},"end":{"line":253,"column":1}},"line":251},"18":{"name":"(anonymous_18)","decl":{"start":{"line":252,"column":46},"end":{"line":252,"column":47}},"loc":{"start":{"line":252,"column":59},"end":{"line":252,"column":82}},"line":252}},"branchMap":{"0":{"loc":{"start":{"line":48,"column":11},"end":{"line":52,"column":45}},"type":"cond-expr","locations":[{"start":{"line":49,"column":10},"end":{"line":49,"column":19}},{"start":{"line":50,"column":10},"end":{"line":52,"column":45}}],"line":48},"1":{"loc":{"start":{"line":50,"column":10},"end":{"line":52,"column":45}},"type":"cond-expr","locations":[{"start":{"line":51,"column":14},"end":{"line":51,"column":52}},{"start":{"line":52,"column":14},"end":{"line":52,"column":45}}],"line":50},"2":{"loc":{"start":{"line":83,"column":4},"end":{"line":90,"column":5}},"type":"if","locations":[{"start":{"line":83,"column":4},"end":{"line":90,"column":5}},{"start":{"line":87,"column":9},"end":{"line":90,"column":5}}],"line":83},"3":{"loc":{"start":{"line":88,"column":60},"end":{"line":88,"column":124}},"type":"cond-expr","locations":[{"start":{"line":88,"column":91},"end":{"line":88,"column":119}},{"start":{"line":88,"column":122},"end":{"line":88,"column":124}}],"line":88},"4":{"loc":{"start":{"line":103,"column":4},"end":{"line":109,"column":5}},"type":"if","locations":[{"start":{"line":103,"column":4},"end":{"line":109,"column":5}},{"start":{"line":106,"column":9},"end":{"line":109,"column":5}}],"line":103},"5":{"loc":{"start":{"line":142,"column":8},"end":{"line":143,"column":23}},"type":"if","locations":[{"start":{"line":142,"column":8},"end":{"line":143,"column":23}},{"start":{},"end":{}}],"line":142},"6":{"loc":{"start":{"line":144,"column":8},"end":{"line":145,"column":23}},"type":"if","locations":[{"start":{"line":144,"column":8},"end":{"line":145,"column":23}},{"start":{},"end":{}}],"line":144},"7":{"loc":{"start":{"line":146,"column":8},"end":{"line":147,"column":23}},"type":"if","locations":[{"start":{"line":146,"column":8},"end":{"line":147,"column":23}},{"start":{},"end":{}}],"line":146},"8":{"loc":{"start":{"line":146,"column":12},"end":{"line":146,"column":44}},"type":"binary-expr","locations":[{"start":{"line":146,"column":12},"end":{"line":146,"column":22}},{"start":{"line":146,"column":26},"end":{"line":146,"column":44}}],"line":146},"9":{"loc":{"start":{"line":162,"column":11},"end":{"line":162,"column":57}},"type":"cond-expr","locations":[{"start":{"line":162,"column":31},"end":{"line":162,"column":40}},{"start":{"line":162,"column":43},"end":{"line":162,"column":57}}],"line":162},"10":{"loc":{"start":{"line":177,"column":4},"end":{"line":200,"column":5}},"type":"if","locations":[{"start":{"line":177,"column":4},"end":{"line":200,"column":5}},{"start":{"line":180,"column":9},"end":{"line":200,"column":5}}],"line":177},"11":{"loc":{"start":{"line":181,"column":8},"end":{"line":187,"column":9}},"type":"if","locations":[{"start":{"line":181,"column":8},"end":{"line":187,"column":9}},{"start":{},"end":{}}],"line":181},"12":{"loc":{"start":{"line":184,"column":12},"end":{"line":186,"column":13}},"type":"if","locations":[{"start":{"line":184,"column":12},"end":{"line":186,"column":13}},{"start":{},"end":{}}],"line":184},"13":{"loc":{"start":{"line":188,"column":8},"end":{"line":196,"column":9}},"type":"if","locations":[{"start":{"line":188,"column":8},"end":{"line":196,"column":9}},{"start":{},"end":{}}],"line":188},"14":{"loc":{"start":{"line":190,"column":12},"end":{"line":195,"column":13}},"type":"if","locations":[{"start":{"line":190,"column":12},"end":{"line":195,"column":13}},{"start":{"line":193,"column":17},"end":{"line":195,"column":13}}],"line":190},"15":{"loc":{"start":{"line":213,"column":4},"end":{"line":222,"column":5}},"type":"if","locations":[{"start":{"line":213,"column":4},"end":{"line":222,"column":5}},{"start":{"line":216,"column":9},"end":{"line":222,"column":5}}],"line":213},"16":{"loc":{"start":{"line":213,"column":8},"end":{"line":213,"column":55}},"type":"binary-expr","locations":[{"start":{"line":213,"column":8},"end":{"line":213,"column":25}},{"start":{"line":213,"column":29},"end":{"line":213,"column":55}}],"line":213},"17":{"loc":{"start":{"line":231,"column":4},"end":{"line":242,"column":5}},"type":"if","locations":[{"start":{"line":231,"column":4},"end":{"line":242,"column":5}},{"start":{"line":234,"column":9},"end":{"line":242,"column":5}}],"line":231},"18":{"loc":{"start":{"line":236,"column":8},"end":{"line":241,"column":9}},"type":"if","locations":[{"start":{"line":236,"column":8},"end":{"line":241,"column":9}},{"start":{"line":239,"column":13},"end":{"line":241,"column":9}}],"line":236},"19":{"loc":{"start":{"line":236,"column":12},"end":{"line":236,"column":41}},"type":"binary-expr","locations":[{"start":{"line":236,"column":12},"end":{"line":236,"column":27}},{"start":{"line":236,"column":31},"end":{"line":236,"column":41}}],"line":236}},"s":{"0":1,"1":1,"2":1,"3":1,"4":1,"5":1,"6":1,"7":1,"8":1,"9":1,"10":1,"11":1,"12":1,"13":1,"14":0,"15":1,"16":0,"17":0,"18":0,"19":0,"20":0,"21":0,"22":0,"23":0,"24":0,"25":0,"26":0,"27":0,"28":0,"29":0,"30":0,"31":0,"32":0,"33":0,"34":0,"35":0,"36":0,"37":0,"38":0,"39":0,"40":0,"41":0,"42":0,"43":0,"44":0,"45":1,"46":8,"47":8,"48":9,"49":9,"50":3,"51":6,"52":5,"53":1,"54":0,"55":0,"56":4,"57":4,"58":4,"59":4,"60":4,"61":4,"62":0,"63":4,"64":0,"65":0,"66":0,"67":4,"68":4,"69":0,"70":4,"71":4,"72":4,"73":4,"74":0,"75":0,"76":0,"77":0,"78":0,"79":0,"80":0,"81":0,"82":0,"83":0,"84":0,"85":0,"86":0,"87":0,"88":0,"89":0,"90":0},"f":{"0":0,"1":0,"2":0,"3":0,"4":0,"5":0,"6":0,"7":0,"8":0,"9":0,"10":0,"11":1,"12":8,"13":4,"14":4,"15":0,"16":0,"17":0,"18":0},"b":{"0":[0,0],"1":[0,0],"2":[0,0],"3":[0,0],"4":[0,0],"5":[3,6],"6":[5,1],"7":[0,1],"8":[1,1],"9":[0,4],"10":[0,4],"11":[0,4],"12":[0,0],"13":[4,0],"14":[0,4],"15":[0,0],"16":[0,0],"17":[0,0],"18":[0,0],"19":[0,0]},"inputSourceMap":null,"_coverageSchema":"1a1c01bbd47fc00a2c39e90264f33305004495a9","hash":"bfae5d5cab49386d8da8eb314e1261e7de5db81b"}
,"C:\\Users\\Lowel\\Documents\\GitHub\\Grupp-21\\lib\\list.js": {"path":"C:\\Users\\Lowel\\Documents\\GitHub\\Grupp-21\\lib\\list.js","statementMap":{"0":{"start":{"line":3,"column":0},"end":{"line":3,"column":62}},"1":{"start":{"line":4,"column":0},"end":{"line":4,"column":20}},"2":{"start":{"line":5,"column":0},"end":{"line":5,"column":20}},"3":{"start":{"line":6,"column":0},"end":{"line":6,"column":20}},"4":{"start":{"line":7,"column":0},"end":{"line":7,"column":26}},"5":{"start":{"line":8,"column":0},"end":{"line":8,"column":20}},"6":{"start":{"line":9,"column":0},"end":{"line":9,"column":30}},"7":{"start":{"line":10,"column":0},"end":{"line":10,"column":24}},"8":{"start":{"line":11,"column":0},"end":{"line":11,"column":18}},"9":{"start":{"line":12,"column":0},"end":{"line":12,"column":32}},"10":{"start":{"line":13,"column":0},"end":{"line":13,"column":28}},"11":{"start":{"line":14,"column":0},"end":{"line":14,"column":26}},"12":{"start":{"line":15,"column":0},"end":{"line":15,"column":24}},"13":{"start":{"line":16,"column":0},"end":{"line":16,"column":24}},"14":{"start":{"line":17,"column":0},"end":{"line":17,"column":24}},"15":{"start":{"line":18,"column":0},"end":{"line":18,"column":32}},"16":{"start":{"line":19,"column":0},"end":{"line":19,"column":24}},"17":{"start":{"line":20,"column":0},"end":{"line":20,"column":18}},"18":{"start":{"line":21,"column":0},"end":{"line":21,"column":30}},"19":{"start":{"line":22,"column":0},"end":{"line":22,"column":28}},"20":{"start":{"line":23,"column":0},"end":{"line":23,"column":32}},"21":{"start":{"line":24,"column":0},"end":{"line":24,"column":30}},"22":{"start":{"line":25,"column":0},"end":{"line":25,"column":26}},"23":{"start":{"line":35,"column":4},"end":{"line":35,"column":20}},"24":{"start":{"line":43,"column":4},"end":{"line":43,"column":16}},"25":{"start":{"line":51,"column":4},"end":{"line":51,"column":16}},"26":{"start":{"line":59,"column":4},"end":{"line":59,"column":22}},"27":{"start":{"line":69,"column":19},"end":{"line":69,"column":21}},"28":{"start":{"line":70,"column":4},"end":{"line":72,"column":5}},"29":{"start":{"line":70,"column":18},"end":{"line":70,"column":19}},"30":{"start":{"line":71,"column":8},"end":{"line":71,"column":37}},"31":{"start":{"line":73,"column":14},"end":{"line":73,"column":18}},"32":{"start":{"line":74,"column":4},"end":{"line":76,"column":5}},"33":{"start":{"line":74,"column":17},"end":{"line":74,"column":36}},"34":{"start":{"line":75,"column":8},"end":{"line":75,"column":37}},"35":{"start":{"line":77,"column":4},"end":{"line":77,"column":15}},"36":{"start":{"line":86,"column":4},"end":{"line":86,"column":16}},"37":{"start":{"line":96,"column":17},"end":{"line":96,"column":24}},"38":{"start":{"line":97,"column":8},"end":{"line":99,"column":41}},"39":{"start":{"line":101,"column":4},"end":{"line":106,"column":5}},"40":{"start":{"line":102,"column":8},"end":{"line":102,"column":24}},"41":{"start":{"line":105,"column":8},"end":{"line":105,"column":41}},"42":{"start":{"line":117,"column":8},"end":{"line":117,"column":62}},"43":{"start":{"line":119,"column":4},"end":{"line":119,"column":26}},"44":{"start":{"line":132,"column":8},"end":{"line":134,"column":56}},"45":{"start":{"line":136,"column":4},"end":{"line":136,"column":29}},"46":{"start":{"line":148,"column":8},"end":{"line":150,"column":67}},"47":{"start":{"line":152,"column":4},"end":{"line":152,"column":41}},"48":{"start":{"line":163,"column":4},"end":{"line":166,"column":5}},"49":{"start":{"line":164,"column":8},"end":{"line":164,"column":22}},"50":{"start":{"line":165,"column":8},"end":{"line":165,"column":22}},"51":{"start":{"line":177,"column":8},"end":{"line":179,"column":71}},"52":{"start":{"line":181,"column":4},"end":{"line":181,"column":30}},"53":{"start":{"line":194,"column":8},"end":{"line":196,"column":88}},"54":{"start":{"line":196,"column":52},"end":{"line":196,"column":84}},"55":{"start":{"line":198,"column":4},"end":{"line":198,"column":57}},"56":{"start":{"line":198,"column":43},"end":{"line":198,"column":53}},"57":{"start":{"line":210,"column":4},"end":{"line":214,"column":37}},"58":{"start":{"line":227,"column":18},"end":{"line":227,"column":24}},"59":{"start":{"line":228,"column":18},"end":{"line":228,"column":25}},"60":{"start":{"line":229,"column":8},"end":{"line":233,"column":60}},"61":{"start":{"line":235,"column":4},"end":{"line":235,"column":35}},"62":{"start":{"line":248,"column":18},"end":{"line":248,"column":24}},"63":{"start":{"line":249,"column":18},"end":{"line":249,"column":25}},"64":{"start":{"line":250,"column":8},"end":{"line":254,"column":64}},"65":{"start":{"line":256,"column":4},"end":{"line":256,"column":36}},"66":{"start":{"line":269,"column":8},"end":{"line":273,"column":47}},"67":{"start":{"line":275,"column":4},"end":{"line":275,"column":35}},"68":{"start":{"line":285,"column":4},"end":{"line":285,"column":70}},"69":{"start":{"line":297,"column":18},"end":{"line":297,"column":25}},"70":{"start":{"line":298,"column":8},"end":{"line":300,"column":59}},"71":{"start":{"line":302,"column":4},"end":{"line":302,"column":40}},"72":{"start":{"line":314,"column":4},"end":{"line":318,"column":40}},"73":{"start":{"line":335,"column":8},"end":{"line":337,"column":97}},"74":{"start":{"line":337,"column":64},"end":{"line":337,"column":93}},"75":{"start":{"line":339,"column":4},"end":{"line":339,"column":68}},"76":{"start":{"line":339,"column":55},"end":{"line":339,"column":64}},"77":{"start":{"line":355,"column":4},"end":{"line":357,"column":55}},"78":{"start":{"line":366,"column":4},"end":{"line":366,"column":49}}},"fnMap":{"0":{"name":"pair","decl":{"start":{"line":34,"column":9},"end":{"line":34,"column":13}},"loc":{"start":{"line":34,"column":22},"end":{"line":36,"column":1}},"line":34},"1":{"name":"head","decl":{"start":{"line":42,"column":9},"end":{"line":42,"column":13}},"loc":{"start":{"line":42,"column":17},"end":{"line":44,"column":1}},"line":42},"2":{"name":"tail","decl":{"start":{"line":50,"column":9},"end":{"line":50,"column":13}},"loc":{"start":{"line":50,"column":17},"end":{"line":52,"column":1}},"line":50},"3":{"name":"is_null","decl":{"start":{"line":58,"column":9},"end":{"line":58,"column":16}},"loc":{"start":{"line":58,"column":20},"end":{"line":60,"column":1}},"line":58},"4":{"name":"list","decl":{"start":{"line":68,"column":9},"end":{"line":68,"column":13}},"loc":{"start":{"line":68,"column":16},"end":{"line":78,"column":1}},"line":68},"5":{"name":"empty_list","decl":{"start":{"line":85,"column":9},"end":{"line":85,"column":19}},"loc":{"start":{"line":85,"column":22},"end":{"line":87,"column":1}},"line":85},"6":{"name":"to_string","decl":{"start":{"line":94,"column":9},"end":{"line":94,"column":18}},"loc":{"start":{"line":94,"column":23},"end":{"line":107,"column":1}},"line":94},"7":{"name":"print","decl":{"start":{"line":95,"column":13},"end":{"line":95,"column":18}},"loc":{"start":{"line":95,"column":22},"end":{"line":100,"column":5}},"line":95},"8":{"name":"length","decl":{"start":{"line":115,"column":9},"end":{"line":115,"column":15}},"loc":{"start":{"line":115,"column":20},"end":{"line":120,"column":1}},"line":115},"9":{"name":"$length","decl":{"start":{"line":116,"column":13},"end":{"line":116,"column":20}},"loc":{"start":{"line":116,"column":30},"end":{"line":118,"column":5}},"line":116},"10":{"name":"map","decl":{"start":{"line":130,"column":9},"end":{"line":130,"column":12}},"loc":{"start":{"line":130,"column":20},"end":{"line":137,"column":1}},"line":130},"11":{"name":"$map","decl":{"start":{"line":131,"column":13},"end":{"line":131,"column":17}},"loc":{"start":{"line":131,"column":30},"end":{"line":135,"column":5}},"line":131},"12":{"name":"build_list","decl":{"start":{"line":146,"column":9},"end":{"line":146,"column":19}},"loc":{"start":{"line":146,"column":28},"end":{"line":153,"column":1}},"line":146},"13":{"name":"$build_list","decl":{"start":{"line":147,"column":13},"end":{"line":147,"column":24}},"loc":{"start":{"line":147,"column":48},"end":{"line":151,"column":5}},"line":147},"14":{"name":"for_each","decl":{"start":{"line":162,"column":9},"end":{"line":162,"column":17}},"loc":{"start":{"line":162,"column":27},"end":{"line":167,"column":1}},"line":162},"15":{"name":"reverse","decl":{"start":{"line":175,"column":9},"end":{"line":175,"column":16}},"loc":{"start":{"line":175,"column":21},"end":{"line":182,"column":1}},"line":175},"16":{"name":"$reverse","decl":{"start":{"line":176,"column":13},"end":{"line":176,"column":21}},"loc":{"start":{"line":176,"column":42},"end":{"line":180,"column":5}},"line":176},"17":{"name":"append","decl":{"start":{"line":192,"column":9},"end":{"line":192,"column":15}},"loc":{"start":{"line":192,"column":24},"end":{"line":199,"column":1}},"line":192},"18":{"name":"$append","decl":{"start":{"line":193,"column":13},"end":{"line":193,"column":20}},"loc":{"start":{"line":193,"column":35},"end":{"line":197,"column":5}},"line":193},"19":{"name":"(anonymous_19)","decl":{"start":{"line":196,"column":36},"end":{"line":196,"column":37}},"loc":{"start":{"line":196,"column":50},"end":{"line":196,"column":86}},"line":196},"20":{"name":"(anonymous_20)","decl":{"start":{"line":198,"column":27},"end":{"line":198,"column":28}},"loc":{"start":{"line":198,"column":41},"end":{"line":198,"column":55}},"line":198},"21":{"name":"member","decl":{"start":{"line":209,"column":9},"end":{"line":209,"column":15}},"loc":{"start":{"line":209,"column":26},"end":{"line":215,"column":1}},"line":209},"22":{"name":"remove","decl":{"start":{"line":224,"column":9},"end":{"line":224,"column":15}},"loc":{"start":{"line":224,"column":26},"end":{"line":236,"column":1}},"line":224},"23":{"name":"$remove","decl":{"start":{"line":225,"column":13},"end":{"line":225,"column":20}},"loc":{"start":{"line":225,"column":33},"end":{"line":234,"column":5}},"line":225},"24":{"name":"remove_all","decl":{"start":{"line":245,"column":9},"end":{"line":245,"column":19}},"loc":{"start":{"line":245,"column":27},"end":{"line":257,"column":1}},"line":245},"25":{"name":"$remove_all","decl":{"start":{"line":246,"column":13},"end":{"line":246,"column":24}},"loc":{"start":{"line":246,"column":37},"end":{"line":255,"column":5}},"line":246},"26":{"name":"filter","decl":{"start":{"line":267,"column":9},"end":{"line":267,"column":15}},"loc":{"start":{"line":267,"column":26},"end":{"line":276,"column":1}},"line":267},"27":{"name":"$filter","decl":{"start":{"line":268,"column":13},"end":{"line":268,"column":20}},"loc":{"start":{"line":268,"column":36},"end":{"line":274,"column":5}},"line":268},"28":{"name":"all","decl":{"start":{"line":284,"column":9},"end":{"line":284,"column":12}},"loc":{"start":{"line":284,"column":23},"end":{"line":286,"column":1}},"line":284},"29":{"name":"enum_list","decl":{"start":{"line":294,"column":9},"end":{"line":294,"column":18}},"loc":{"start":{"line":294,"column":31},"end":{"line":303,"column":1}},"line":294},"30":{"name":"$enum_list","decl":{"start":{"line":295,"column":13},"end":{"line":295,"column":23}},"loc":{"start":{"line":295,"column":41},"end":{"line":301,"column":5}},"line":295},"31":{"name":"list_ref","decl":{"start":{"line":313,"column":9},"end":{"line":313,"column":17}},"loc":{"start":{"line":313,"column":25},"end":{"line":319,"column":1}},"line":313},"32":{"name":"accumulate","decl":{"start":{"line":333,"column":9},"end":{"line":333,"column":19}},"loc":{"start":{"line":333,"column":37},"end":{"line":340,"column":1}},"line":333},"33":{"name":"$accumulate","decl":{"start":{"line":334,"column":13},"end":{"line":334,"column":24}},"loc":{"start":{"line":334,"column":48},"end":{"line":338,"column":5}},"line":334},"34":{"name":"(anonymous_34)","decl":{"start":{"line":337,"column":49},"end":{"line":337,"column":50}},"loc":{"start":{"line":337,"column":62},"end":{"line":337,"column":95}},"line":337},"35":{"name":"(anonymous_35)","decl":{"start":{"line":339,"column":40},"end":{"line":339,"column":41}},"loc":{"start":{"line":339,"column":53},"end":{"line":339,"column":66}},"line":339},"36":{"name":"fold_left","decl":{"start":{"line":354,"column":9},"end":{"line":354,"column":18}},"loc":{"start":{"line":354,"column":35},"end":{"line":358,"column":1}},"line":354},"37":{"name":"flatten","decl":{"start":{"line":365,"column":9},"end":{"line":365,"column":16}},"loc":{"start":{"line":365,"column":22},"end":{"line":367,"column":1}},"line":365}},"branchMap":{"0":{"loc":{"start":{"line":97,"column":15},"end":{"line":99,"column":40}},"type":"cond-expr","locations":[{"start":{"line":98,"column":14},"end":{"line":98,"column":26}},{"start":{"line":99,"column":14},"end":{"line":99,"column":40}}],"line":97},"1":{"loc":{"start":{"line":101,"column":4},"end":{"line":106,"column":5}},"type":"if","locations":[{"start":{"line":101,"column":4},"end":{"line":106,"column":5}},{"start":{"line":104,"column":9},"end":{"line":106,"column":5}}],"line":101},"2":{"loc":{"start":{"line":117,"column":15},"end":{"line":117,"column":61}},"type":"cond-expr","locations":[{"start":{"line":117,"column":29},"end":{"line":117,"column":32}},{"start":{"line":117,"column":35},"end":{"line":117,"column":61}}],"line":117},"3":{"loc":{"start":{"line":132,"column":15},"end":{"line":134,"column":55}},"type":"cond-expr","locations":[{"start":{"line":133,"column":14},"end":{"line":133,"column":26}},{"start":{"line":134,"column":14},"end":{"line":134,"column":55}}],"line":132},"4":{"loc":{"start":{"line":148,"column":15},"end":{"line":150,"column":66}},"type":"cond-expr","locations":[{"start":{"line":149,"column":14},"end":{"line":149,"column":27}},{"start":{"line":150,"column":14},"end":{"line":150,"column":66}}],"line":148},"5":{"loc":{"start":{"line":177,"column":15},"end":{"line":179,"column":70}},"type":"cond-expr","locations":[{"start":{"line":178,"column":14},"end":{"line":178,"column":22}},{"start":{"line":179,"column":14},"end":{"line":179,"column":70}}],"line":177},"6":{"loc":{"start":{"line":194,"column":15},"end":{"line":196,"column":87}},"type":"cond-expr","locations":[{"start":{"line":195,"column":14},"end":{"line":195,"column":22}},{"start":{"line":196,"column":14},"end":{"line":196,"column":87}}],"line":194},"7":{"loc":{"start":{"line":210,"column":11},"end":{"line":214,"column":36}},"type":"cond-expr","locations":[{"start":{"line":211,"column":10},"end":{"line":211,"column":14}},{"start":{"line":212,"column":10},"end":{"line":214,"column":36}}],"line":210},"8":{"loc":{"start":{"line":212,"column":10},"end":{"line":214,"column":36}},"type":"cond-expr","locations":[{"start":{"line":213,"column":14},"end":{"line":213,"column":16}},{"start":{"line":214,"column":14},"end":{"line":214,"column":36}}],"line":212},"9":{"loc":{"start":{"line":229,"column":15},"end":{"line":233,"column":59}},"type":"cond-expr","locations":[{"start":{"line":230,"column":14},"end":{"line":230,"column":31}},{"start":{"line":231,"column":14},"end":{"line":233,"column":59}}],"line":229},"10":{"loc":{"start":{"line":231,"column":14},"end":{"line":233,"column":59}},"type":"cond-expr","locations":[{"start":{"line":232,"column":18},"end":{"line":232,"column":41}},{"start":{"line":233,"column":18},"end":{"line":233,"column":59}}],"line":231},"11":{"loc":{"start":{"line":250,"column":15},"end":{"line":254,"column":63}},"type":"cond-expr","locations":[{"start":{"line":251,"column":14},"end":{"line":251,"column":31}},{"start":{"line":252,"column":14},"end":{"line":254,"column":63}}],"line":250},"12":{"loc":{"start":{"line":252,"column":14},"end":{"line":254,"column":63}},"type":"cond-expr","locations":[{"start":{"line":253,"column":18},"end":{"line":253,"column":47}},{"start":{"line":254,"column":18},"end":{"line":254,"column":63}}],"line":252},"13":{"loc":{"start":{"line":269,"column":15},"end":{"line":273,"column":46}},"type":"cond-expr","locations":[{"start":{"line":270,"column":14},"end":{"line":270,"column":26}},{"start":{"line":271,"column":14},"end":{"line":273,"column":46}}],"line":269},"14":{"loc":{"start":{"line":271,"column":14},"end":{"line":273,"column":46}},"type":"cond-expr","locations":[{"start":{"line":272,"column":18},"end":{"line":272,"column":62}},{"start":{"line":273,"column":18},"end":{"line":273,"column":46}}],"line":271},"15":{"loc":{"start":{"line":285,"column":11},"end":{"line":285,"column":69}},"type":"cond-expr","locations":[{"start":{"line":285,"column":25},"end":{"line":285,"column":29}},{"start":{"line":285,"column":32},"end":{"line":285,"column":69}}],"line":285},"16":{"loc":{"start":{"line":285,"column":32},"end":{"line":285,"column":69}},"type":"binary-expr","locations":[{"start":{"line":285,"column":32},"end":{"line":285,"column":46}},{"start":{"line":285,"column":50},"end":{"line":285,"column":69}}],"line":285},"17":{"loc":{"start":{"line":298,"column":15},"end":{"line":300,"column":58}},"type":"cond-expr","locations":[{"start":{"line":299,"column":14},"end":{"line":299,"column":22}},{"start":{"line":300,"column":14},"end":{"line":300,"column":58}}],"line":298},"18":{"loc":{"start":{"line":314,"column":11},"end":{"line":318,"column":39}},"type":"cond-expr","locations":[{"start":{"line":315,"column":10},"end":{"line":315,"column":19}},{"start":{"line":316,"column":10},"end":{"line":318,"column":39}}],"line":314},"19":{"loc":{"start":{"line":316,"column":10},"end":{"line":318,"column":39}},"type":"cond-expr","locations":[{"start":{"line":317,"column":14},"end":{"line":317,"column":22}},{"start":{"line":318,"column":14},"end":{"line":318,"column":39}}],"line":316},"20":{"loc":{"start":{"line":335,"column":15},"end":{"line":337,"column":96}},"type":"cond-expr","locations":[{"start":{"line":336,"column":14},"end":{"line":336,"column":27}},{"start":{"line":337,"column":14},"end":{"line":337,"column":96}}],"line":335},"21":{"loc":{"start":{"line":355,"column":11},"end":{"line":357,"column":54}},"type":"cond-expr","locations":[{"start":{"line":356,"column":10},"end":{"line":356,"column":17}},{"start":{"line":357,"column":10},"end":{"line":357,"column":54}}],"line":355}},"s":{"0":1,"1":1,"2":1,"3":1,"4":1,"5":1,"6":1,"7":1,"8":1,"9":1,"10":1,"11":1,"12":1,"13":1,"14":1,"15":1,"16":1,"17":1,"18":1,"19":1,"20":1,"21":1,"22":1,"23":0,"24":0,"25":0,"26":0,"27":0,"28":0,"29":0,"30":0,"31":0,"32":0,"33":0,"34":0,"35":0,"36":0,"37":0,"38":0,"39":0,"40":0,"41":0,"42":0,"43":0,"44":0,"45":0,"46":0,"47":0,"48":0,"49":0,"50":0,"51":0,"52":0,"53":0,"54":0,"55":0,"56":0,"57":0,"58":0,"59":0,"60":0,"61":0,"62":0,"63":0,"64":0,"65":0,"66":0,"67":0,"68":0,"69":0,"70":0,"71":0,"72":0,"73":0,"74":0,"75":0,"76":0,"77":0,"78":0},"f":{"0":0,"1":0,"2":0,"3":0,"4":0,"5":0,"6":0,"7":0,"8":0,"9":0,"10":0,"11":0,"12":0,"13":0,"14":0,"15":0,"16":0,"17":0,"18":0,"19":0,"20":0,"21":0,"22":0,"23":0,"24":0,"25":0,"26":0,"27":0,"28":0,"29":0,"30":0,"31":0,"32":0,"33":0,"34":0,"35":0,"36":0,"37":0},"b":{"0":[0,0],"1":[0,0],"2":[0,0],"3":[0,0],"4":[0,0],"5":[0,0],"6":[0,0],"7":[0,0],"8":[0,0],"9":[0,0],"10":[0,0],"11":[0,0],"12":[0,0],"13":[0,0],"14":[0,0],"15":[0,0],"16":[0,0],"17":[0,0],"18":[0,0],"19":[0,0],"20":[0,0],"21":[0,0]},"inputSourceMap":null,"_coverageSchema":"1a1c01bbd47fc00a2c39e90264f33305004495a9","hash":"1884dedf365349590eca654b66114fcd0c638796"}
}
