TN:
SF:API/api.ts
FN:34,get_questions
FNF:1
FNH:1
FNDA:9,get_questions
DA:34,1
DA:36,9
DA:41,9
DA:44,9
DA:45,1
DA:47,1
DA:51,9
LF:7
LH:7
BRDA:44,0,0,1
BRDA:44,0,1,8
BRF:2
BRH:2
end_of_record
TN:
SF:Game_mechanics/Elo.ts
FN:14,elo
FNF:1
FNH:1
FNDA:52,elo
DA:14,1
DA:21,52
DA:23,52
DA:25,52
DA:26,31
DA:28,21
DA:31,52
LF:7
LH:7
BRDA:25,0,0,31
BRDA:25,0,1,21
BRF:2
BRH:2
end_of_record
TN:
SF:Game_mechanics/Game_loop.ts
FN:24,game
FN:58,question_loop
FN:99,compquestion_loop
FN:131,end_screen
FN:145,end_screen_menu
FN:178,start_quiz_round
FN:194,svår
FN:206,medel
FN:218,lätt
FN:229,sleep
FN:230,(anonymous_24)
FN:241,comp
FNF:12
FNH:12
FNDA:5,game
FNDA:4,question_loop
FNDA:10,compquestion_loop
FNDA:4,end_screen
FNDA:6,end_screen_menu
FNDA:3,start_quiz_round
FNDA:1,svår
FNDA:1,medel
FNDA:1,lätt
FNDA:2,sleep
FNDA:2,(anonymous_24)
FNDA:1,comp
DA:4,1
DA:7,1
DA:15,1
DA:16,1
DA:24,1
DA:25,5
DA:28,5
DA:29,5
DA:30,1
DA:32,4
DA:33,1
DA:35,3
DA:36,1
DA:38,2
DA:39,1
DA:42,1
DA:47,1
DA:58,1
DA:60,4
DA:62,4
DA:63,40
DA:64,40
DA:65,40
DA:67,40
DA:69,40
DA:70,25
DA:71,25
DA:72,25
DA:73,25
DA:74,25
DA:75,25
DA:78,15
DA:82,15
DA:83,15
DA:99,1
DA:102,10
DA:103,10
DA:105,10
DA:106,10
DA:108,10
DA:109,10
DA:111,10
DA:112,5
DA:113,5
DA:114,5
DA:115,5
DA:116,5
DA:117,5
DA:119,5
DA:120,5
DA:121,5
DA:132,4
DA:133,4
DA:134,4
DA:135,4
DA:136,4
DA:145,1
DA:146,6
DA:152,6
DA:154,6
DA:155,0
DA:157,6
DA:158,5
DA:160,5
DA:163,1
DA:164,1
DA:179,3
DA:180,3
DA:181,3
DA:183,0
DA:184,0
DA:195,1
DA:196,1
DA:197,1
DA:207,1
DA:208,1
DA:209,1
DA:219,1
DA:220,1
DA:221,1
DA:230,2
DA:242,1
DA:243,1
DA:244,1
DA:245,1
DA:246,1
DA:247,1
DA:248,1
DA:249,1
DA:250,1
DA:251,10
DA:252,0
DA:253,10
DA:254,8
DA:255,2
DA:257,1
LF:96
LH:92
BRDA:29,0,0,1
BRDA:29,0,1,4
BRDA:32,1,0,1
BRDA:32,1,1,3
BRDA:35,2,0,1
BRDA:35,2,1,2
BRDA:38,3,0,1
BRDA:38,3,1,1
BRDA:69,4,0,25
BRDA:69,4,1,15
BRDA:103,5,0,0
BRDA:103,5,1,10
BRDA:111,6,0,5
BRDA:111,6,1,5
BRDA:154,7,0,0
BRDA:154,7,1,6
BRDA:157,8,0,5
BRDA:157,8,1,1
BRDA:179,9,0,3
BRDA:179,9,1,0
BRDA:251,10,0,0
BRDA:251,10,1,10
BRDA:253,11,0,8
BRDA:253,11,1,2
BRF:24
BRH:20
end_of_record
TN:
SF:Game_mechanics/create_question.ts
FN:9,decodeHtml
FN:25,collect_questions_from_API
FN:39,Create_question
FN:53,(anonymous_11)
FN:55,(anonymous_12)
FNF:5
FNH:5
FNDA:307,decodeHtml
FNDA:7,collect_questions_from_API
FNDA:51,Create_question
FNDA:51,(anonymous_11)
FNDA:102,(anonymous_12)
DA:1,1
DA:9,1
DA:10,307
DA:25,1
DA:26,7
DA:28,7
DA:30,7
DA:39,1
DA:40,51
DA:41,51
DA:42,51
DA:43,51
DA:44,51
DA:45,51
DA:46,51
DA:48,51
DA:53,51
DA:55,51
DA:56,102
DA:59,51
DA:61,51
LF:21
LH:21
BRF:0
BRH:0
end_of_record
TN:
SF:Game_mechanics/login.ts
FN:19,(anonymous_0)
FN:44,login
FN:79,add_player
FNF:3
FNH:3
FNDA:7,(anonymous_0)
FNDA:4,login
FNDA:2,add_player
DA:1,1
DA:9,1
DA:10,1
DA:19,1
DA:20,7
DA:21,7
DA:22,38
DA:24,7
DA:30,1
DA:35,1
DA:44,1
DA:46,4
DA:47,4
DA:48,2
DA:49,2
DA:50,2
DA:51,2
DA:52,1
DA:54,1
DA:55,1
DA:58,1
DA:59,1
DA:60,1
DA:65,0
DA:66,0
DA:70,2
DA:71,2
DA:79,1
DA:80,2
DA:81,2
DA:82,2
DA:83,1
DA:88,1
DA:89,1
DA:92,1
DA:93,1
LF:36
LH:34
BRDA:47,0,0,2
BRDA:47,0,1,2
BRDA:47,1,0,4
BRDA:47,1,1,2
BRDA:49,2,0,2
BRDA:49,2,1,0
BRDA:51,3,0,1
BRDA:51,3,1,1
BRDA:82,4,0,1
BRDA:82,4,1,1
BRDA:82,5,0,2
BRDA:82,5,1,1
BRF:12
BRH:11
end_of_record
