TN:
SF:API\api.ts
FN:34,get_questions
FNF:1
FNH:1
FNDA:15,get_questions
DA:34,1
DA:36,15
DA:41,15
DA:44,15
DA:45,1
DA:47,1
DA:51,15
LF:7
LH:7
BRDA:44,0,0,1
BRDA:44,0,1,14
BRF:2
BRH:2
end_of_record
TN:
SF:Game_mechanics\Elo.ts
FN:14,elo
FNF:1
FNH:1
FNDA:75,elo
DA:14,1
DA:21,75
DA:23,75
DA:25,75
DA:26,39
DA:28,36
DA:31,75
LF:7
LH:7
BRDA:25,0,0,39
BRDA:25,0,1,36
BRF:2
BRH:2
end_of_record
TN:
SF:Game_mechanics\Game_loop.js
FN:2,(anonymous_0)
FN:3,adopt
FN:3,(anonymous_2)
FN:4,(anonymous_3)
FN:5,fulfilled
FN:6,rejected
FN:7,step
FN:11,(anonymous_7)
FN:12,(anonymous_8)
FN:13,(anonymous_9)
FN:14,verb
FN:14,(anonymous_11)
FN:15,step
FN:54,game
FN:55,(anonymous_14)
FN:57,(anonymous_15)
FN:102,question_loop
FN:134,compquestion_loop
FN:163,end_screen
FN:164,(anonymous_19)
FN:165,(anonymous_20)
FN:186,end_screen_menu
FN:187,(anonymous_22)
FN:189,(anonymous_23)
FN:224,start_quiz_round
FN:225,(anonymous_25)
FN:226,(anonymous_26)
FN:252,svår
FN:253,(anonymous_28)
FN:255,(anonymous_29)
FN:276,medel
FN:277,(anonymous_31)
FN:279,(anonymous_32)
FN:300,lätt
FN:301,(anonymous_34)
FN:303,(anonymous_35)
FN:323,sleep
FN:324,(anonymous_37)
FN:334,comp
FN:335,(anonymous_39)
FN:337,(anonymous_40)
FNF:41
FNH:38
FNDA:30,(anonymous_0)
FNDA:40,adopt
FNDA:0,(anonymous_2)
FNDA:30,(anonymous_3)
FNDA:40,fulfilled
FNDA:0,rejected
FNDA:70,step
FNDA:30,(anonymous_7)
FNDA:40,(anonymous_8)
FNDA:0,(anonymous_9)
FNDA:90,verb
FNDA:70,(anonymous_11)
FNDA:70,step
FNDA:7,game
FNDA:7,(anonymous_14)
FNDA:35,(anonymous_15)
FNDA:4,question_loop
FNDA:30,compquestion_loop
FNDA:6,end_screen
FNDA:6,(anonymous_19)
FNDA:12,(anonymous_20)
FNDA:8,end_screen_menu
FNDA:8,(anonymous_22)
FNDA:18,(anonymous_23)
FNDA:3,start_quiz_round
FNDA:3,(anonymous_25)
FNDA:9,(anonymous_26)
FNDA:1,svår
FNDA:1,(anonymous_28)
FNDA:3,(anonymous_29)
FNDA:1,medel
FNDA:1,(anonymous_31)
FNDA:3,(anonymous_32)
FNDA:1,lätt
FNDA:1,(anonymous_34)
FNDA:3,(anonymous_35)
FNDA:6,sleep
FNDA:6,(anonymous_37)
FNDA:3,comp
FNDA:3,(anonymous_39)
FNDA:21,(anonymous_40)
DA:2,1
DA:3,40
DA:4,30
DA:5,40
DA:6,0
DA:7,70
DA:8,30
DA:11,1
DA:12,40
DA:13,30
DA:14,90
DA:16,70
DA:17,174
DA:18,174
DA:19,174
DA:20,174
DA:21,70
DA:22,40
DA:23,0
DA:24,0
DA:26,64
DA:27,34
DA:28,0
DA:29,0
DA:30,0
DA:31,0
DA:33,104
DA:34,174
DA:35,30
DA:38,1
DA:39,1
DA:40,1
DA:41,1
DA:42,1
DA:43,1
DA:44,1
DA:46,1
DA:47,1
DA:55,7
DA:57,7
DA:58,35
DA:60,7
DA:61,7
DA:62,7
DA:63,1
DA:65,1
DA:66,1
DA:68,6
DA:69,1
DA:71,1
DA:72,1
DA:74,5
DA:75,1
DA:77,1
DA:78,1
DA:80,4
DA:81,3
DA:83,3
DA:84,3
DA:85,1
DA:86,6
DA:92,1
DA:103,4
DA:104,4
DA:105,40
DA:106,40
DA:107,40
DA:108,40
DA:109,40
DA:110,20
DA:111,20
DA:112,20
DA:113,20
DA:114,20
DA:115,20
DA:118,20
DA:119,20
DA:120,20
DA:136,30
DA:137,30
DA:138,0
DA:139,30
DA:140,30
DA:141,30
DA:142,30
DA:143,30
DA:144,16
DA:145,16
DA:146,16
DA:147,16
DA:148,16
DA:149,16
DA:152,14
DA:153,14
DA:154,14
DA:164,6
DA:165,6
DA:166,12
DA:168,6
DA:169,6
DA:170,6
DA:171,6
DA:172,6
DA:174,6
DA:175,6
DA:187,8
DA:189,8
DA:190,18
DA:192,8
DA:193,8
DA:194,8
DA:195,0
DA:197,0
DA:198,0
DA:200,8
DA:201,7
DA:202,7
DA:204,1
DA:205,1
DA:207,1
DA:208,1
DA:209,1
DA:225,3
DA:226,3
DA:227,9
DA:229,3
DA:230,3
DA:231,3
DA:233,3
DA:234,3
DA:236,0
DA:237,0
DA:239,0
DA:240,0
DA:241,3
DA:253,1
DA:255,1
DA:256,3
DA:258,1
DA:259,1
DA:261,1
DA:262,1
DA:264,1
DA:265,1
DA:277,1
DA:279,1
DA:280,3
DA:282,1
DA:283,1
DA:285,1
DA:286,1
DA:288,1
DA:289,1
DA:301,1
DA:303,1
DA:304,3
DA:306,1
DA:307,1
DA:309,1
DA:310,1
DA:312,1
DA:313,1
DA:324,6
DA:335,3
DA:337,3
DA:338,21
DA:339,3
DA:341,3
DA:342,3
DA:343,3
DA:345,3
DA:346,3
DA:347,3
DA:349,3
DA:350,3
DA:352,3
DA:353,3
DA:355,3
DA:356,3
DA:357,3
DA:358,30
DA:359,8
DA:361,22
DA:362,20
DA:365,2
DA:368,3
DA:370,3
DA:371,3
LF:188
LH:173
BRDA:2,0,0,1
BRDA:2,0,1,1
BRDA:2,0,2,1
BRDA:3,1,0,40
BRDA:3,1,1,0
BRDA:4,2,0,30
BRDA:4,2,1,30
BRDA:7,3,0,30
BRDA:7,3,1,40
BRDA:8,4,0,30
BRDA:8,4,1,30
BRDA:11,5,0,1
BRDA:11,5,1,1
BRDA:11,5,2,1
BRDA:12,6,0,0
BRDA:12,6,1,40
BRDA:12,7,0,30
BRDA:12,7,1,0
BRDA:13,8,0,30
BRDA:13,8,1,30
BRDA:16,9,0,0
BRDA:16,9,1,70
BRDA:17,10,0,204
BRDA:17,10,1,30
BRDA:17,11,0,30
BRDA:17,11,1,0
BRDA:18,12,0,0
BRDA:18,12,1,174
BRDA:18,13,0,174
BRDA:18,13,1,0
BRDA:18,13,2,0
BRDA:18,14,0,0
BRDA:18,14,1,0
BRDA:18,15,0,0
BRDA:18,15,1,0
BRDA:18,16,0,0
BRDA:18,16,1,0
BRDA:18,17,0,0
BRDA:18,17,1,0
BRDA:19,18,0,0
BRDA:19,18,1,174
BRDA:20,19,0,70
BRDA:20,19,1,70
BRDA:20,19,2,40
BRDA:20,19,3,0
BRDA:20,19,4,0
BRDA:20,19,5,64
BRDA:26,20,0,30
BRDA:26,20,1,34
BRDA:26,21,0,64
BRDA:26,21,1,64
BRDA:26,21,2,64
BRDA:26,22,0,64
BRDA:26,22,1,0
BRDA:27,23,0,34
BRDA:27,23,1,0
BRDA:27,24,0,34
BRDA:27,24,1,34
BRDA:27,24,2,0
BRDA:27,24,3,0
BRDA:28,25,0,0
BRDA:28,25,1,0
BRDA:28,26,0,0
BRDA:28,26,1,0
BRDA:29,27,0,0
BRDA:29,27,1,0
BRDA:29,28,0,0
BRDA:29,28,1,0
BRDA:30,29,0,0
BRDA:30,29,1,0
BRDA:35,30,0,0
BRDA:35,30,1,30
BRDA:35,31,0,30
BRDA:35,31,1,0
BRDA:58,32,0,7
BRDA:58,32,1,1
BRDA:58,32,2,6
BRDA:58,32,3,1
BRDA:58,32,4,5
BRDA:58,32,5,1
BRDA:58,32,6,4
BRDA:58,32,7,3
BRDA:58,32,8,1
BRDA:58,32,9,6
BRDA:62,33,0,6
BRDA:62,33,1,1
BRDA:68,34,0,5
BRDA:68,34,1,1
BRDA:74,35,0,4
BRDA:74,35,1,1
BRDA:80,36,0,1
BRDA:80,36,1,3
BRDA:109,37,0,20
BRDA:109,37,1,20
BRDA:137,38,0,0
BRDA:137,38,1,30
BRDA:143,39,0,16
BRDA:143,39,1,14
BRDA:166,40,0,6
BRDA:166,40,1,6
BRDA:190,41,0,8
BRDA:190,41,1,0
BRDA:190,41,2,8
BRDA:190,41,3,1
BRDA:190,41,4,1
BRDA:190,41,5,1
BRDA:194,42,0,8
BRDA:194,42,1,0
BRDA:200,43,0,1
BRDA:200,43,1,7
BRDA:227,44,0,3
BRDA:227,44,1,3
BRDA:227,44,2,0
BRDA:227,44,3,0
BRDA:227,44,4,3
BRDA:229,45,0,0
BRDA:229,45,1,3
BRDA:256,46,0,1
BRDA:256,46,1,1
BRDA:256,46,2,1
BRDA:280,47,0,1
BRDA:280,47,1,1
BRDA:280,47,2,1
BRDA:304,48,0,1
BRDA:304,48,1,1
BRDA:304,48,2,1
BRDA:338,49,0,3
BRDA:338,49,1,3
BRDA:338,49,2,3
BRDA:338,49,3,3
BRDA:338,49,4,3
BRDA:338,49,5,3
BRDA:338,49,6,3
BRDA:358,50,0,8
BRDA:358,50,1,22
BRDA:361,51,0,20
BRDA:361,51,1,2
BRF:137
BRH:96
end_of_record
TN:
SF:Game_mechanics\Game_loop.ts
FN:24,game
FN:58,question_loop
FN:99,compquestion_loop
FN:131,end_screen
FN:145,end_screen_menu
FN:178,start_quiz_round
FN:194,svår
FN:206,medel
FN:218,lätt
FN:229,sleep
FN:230,(anonymous_24)
FN:241,comp
FNF:12
FNH:0
FNDA:0,game
FNDA:0,question_loop
FNDA:0,compquestion_loop
FNDA:0,end_screen
FNDA:0,end_screen_menu
FNDA:0,start_quiz_round
FNDA:0,svår
FNDA:0,medel
FNDA:0,lätt
FNDA:0,sleep
FNDA:0,(anonymous_24)
FNDA:0,comp
DA:4,0
DA:7,0
DA:15,0
DA:16,0
DA:24,0
DA:25,0
DA:28,0
DA:29,0
DA:30,0
DA:32,0
DA:33,0
DA:35,0
DA:36,0
DA:38,0
DA:39,0
DA:42,0
DA:47,0
DA:58,0
DA:60,0
DA:62,0
DA:63,0
DA:64,0
DA:65,0
DA:67,0
DA:69,0
DA:70,0
DA:71,0
DA:72,0
DA:73,0
DA:74,0
DA:75,0
DA:78,0
DA:82,0
DA:83,0
DA:99,0
DA:102,0
DA:103,0
DA:105,0
DA:106,0
DA:108,0
DA:109,0
DA:111,0
DA:112,0
DA:113,0
DA:114,0
DA:115,0
DA:116,0
DA:117,0
DA:119,0
DA:120,0
DA:121,0
DA:132,0
DA:133,0
DA:134,0
DA:135,0
DA:136,0
DA:145,0
DA:146,0
DA:152,0
DA:154,0
DA:155,0
DA:157,0
DA:158,0
DA:160,0
DA:163,0
DA:164,0
DA:179,0
DA:180,0
DA:181,0
DA:183,0
DA:184,0
DA:195,0
DA:196,0
DA:197,0
DA:207,0
DA:208,0
DA:209,0
DA:219,0
DA:220,0
DA:221,0
DA:230,0
DA:242,0
DA:243,0
DA:244,0
DA:245,0
DA:246,0
DA:247,0
DA:248,0
DA:249,0
DA:250,0
DA:251,0
DA:252,0
DA:253,0
DA:254,0
DA:255,0
DA:257,0
LF:96
LH:0
BRDA:29,0,0,0
BRDA:29,0,1,0
BRDA:32,1,0,0
BRDA:32,1,1,0
BRDA:35,2,0,0
BRDA:35,2,1,0
BRDA:38,3,0,0
BRDA:38,3,1,0
BRDA:69,4,0,0
BRDA:69,4,1,0
BRDA:103,5,0,0
BRDA:103,5,1,0
BRDA:111,6,0,0
BRDA:111,6,1,0
BRDA:154,7,0,0
BRDA:154,7,1,0
BRDA:157,8,0,0
BRDA:157,8,1,0
BRDA:179,9,0,0
BRDA:179,9,1,0
BRDA:251,10,0,0
BRDA:251,10,1,0
BRDA:253,11,0,0
BRDA:253,11,1,0
BRF:24
BRH:0
end_of_record
TN:
SF:Game_mechanics\create_question.ts
FN:9,decodeHtml
FN:25,collect_questions_from_API
FN:39,Create_question
FN:53,(anonymous_11)
FN:55,(anonymous_12)
FNF:5
FNH:5
FNDA:428,decodeHtml
FNDA:13,collect_questions_from_API
FNDA:71,Create_question
FNDA:71,(anonymous_11)
FNDA:142,(anonymous_12)
DA:1,2
DA:9,2
DA:10,428
DA:25,2
DA:26,13
DA:28,13
DA:30,13
DA:39,2
DA:40,71
DA:41,71
DA:42,71
DA:43,71
DA:44,71
DA:45,71
DA:46,71
DA:48,71
DA:53,71
DA:55,71
DA:56,142
DA:59,71
DA:61,71
LF:21
LH:21
BRF:0
BRH:0
end_of_record
TN:
SF:Game_mechanics\login.ts
FN:19,(anonymous_0)
FN:44,login
FN:79,add_player
FNF:3
FNH:3
FNDA:7,(anonymous_0)
FNDA:4,login
FNDA:2,add_player
DA:1,1
DA:9,1
DA:10,1
DA:19,1
DA:20,7
DA:21,7
DA:22,38
DA:24,7
DA:30,1
DA:35,1
DA:44,1
DA:46,4
DA:47,4
DA:48,2
DA:49,2
DA:50,2
DA:51,2
DA:52,1
DA:54,1
DA:55,1
DA:58,1
DA:59,1
DA:60,1
DA:65,0
DA:66,0
DA:70,2
DA:71,2
DA:79,1
DA:80,2
DA:81,2
DA:82,2
DA:83,1
DA:88,1
DA:89,1
DA:92,1
DA:93,1
LF:36
LH:34
BRDA:47,0,0,2
BRDA:47,0,1,2
BRDA:47,1,0,4
BRDA:47,1,1,2
BRDA:49,2,0,2
BRDA:49,2,1,0
BRDA:51,3,0,1
BRDA:51,3,1,1
BRDA:82,4,0,1
BRDA:82,4,1,1
BRDA:82,5,0,2
BRDA:82,5,1,1
BRF:12
BRH:11
end_of_record
